<?xml version="1.0" encoding="UTF-8"?>
<coverage generated="1597623075063" clover="3.2.0">
  <project timestamp="1597623075063" name="All files">
    <metrics statements="440" coveredstatements="378" conditionals="154" coveredconditionals="115" methods="103" coveredmethods="88" elements="697" coveredelements="581" complexity="0" loc="440" ncloc="440" packages="2" files="12" classes="12"/>
    <package name="lib">
      <metrics statements="429" coveredstatements="367" conditionals="154" coveredconditionals="115" methods="99" coveredmethods="84"/>
      <file name="Lexer.js" path="E:\DocumentosHDD\GitHub\p5-t1-egg-0-miguelbravo7\lib\Lexer.js">
        <metrics statements="64" coveredstatements="63" conditionals="29" coveredconditionals="27" methods="11" coveredmethods="11"/>
        <line num="1" count="5" type="stmt"/>
        <line num="3" count="5" type="stmt"/>
        <line num="6" count="34" type="stmt"/>
        <line num="7" count="34" type="stmt"/>
        <line num="8" count="34" type="stmt"/>
        <line num="9" count="34" type="stmt"/>
        <line num="10" count="238" type="stmt"/>
        <line num="11" count="68" type="stmt"/>
        <line num="12" count="34" type="stmt"/>
        <line num="13" count="34" type="stmt"/>
        <line num="14" count="34" type="stmt"/>
        <line num="18" count="41" type="cond" truecount="2" falsecount="0"/>
        <line num="19" count="34" type="stmt"/>
        <line num="20" count="34" type="stmt"/>
        <line num="21" count="34" type="stmt"/>
        <line num="22" count="34" type="stmt"/>
        <line num="23" count="1144" type="stmt"/>
        <line num="24" count="1144" type="stmt"/>
        <line num="26" count="34" type="stmt"/>
        <line num="27" count="34" type="stmt"/>
        <line num="28" count="34" type="stmt"/>
        <line num="30" count="41" type="stmt"/>
        <line num="36" count="1144" type="stmt"/>
        <line num="38" count="1144" type="cond" truecount="2" falsecount="0"/>
        <line num="39" count="1110" type="stmt"/>
        <line num="40" count="1110" type="stmt"/>
        <line num="41" count="5834" type="stmt"/>
        <line num="42" count="5834" type="cond" truecount="2" falsecount="0"/>
        <line num="43" count="1110" type="stmt"/>
        <line num="44" count="1110" type="stmt"/>
        <line num="45" count="1110" type="stmt"/>
        <line num="46" count="1110" type="stmt"/>
        <line num="47" count="1110" type="stmt"/>
        <line num="48" count="1110" type="stmt"/>
        <line num="49" count="1110" type="stmt"/>
        <line num="52" count="1110" type="cond" truecount="1" falsecount="1"/>
        <line num="53" count="0" type="stmt"/>
        <line num="58" count="34" type="stmt"/>
        <line num="60" count="1144" type="stmt"/>
        <line num="65" count="1144" type="stmt"/>
        <line num="66" count="1456" type="stmt"/>
        <line num="68" count="1456" type="stmt"/>
        <line num="69" count="2912" type="stmt"/>
        <line num="70" count="2912" type="cond" truecount="2" falsecount="0"/>
        <line num="71" count="342" type="stmt"/>
        <line num="72" count="342" type="cond" truecount="2" falsecount="0"/>
        <line num="73" count="160" type="stmt"/>
        <line num="76" count="2570" type="stmt"/>
        <line num="83" count="1580" type="stmt"/>
        <line num="84" count="1580" type="stmt"/>
        <line num="85" count="15800" type="stmt"/>
        <line num="89" count="34" type="stmt"/>
        <line num="90" count="1110" type="cond" truecount="5" falsecount="0"/>
        <line num="91" count="8" type="stmt"/>
        <line num="92" count="8" type="stmt"/>
        <line num="93" count="1102" type="cond" truecount="4" falsecount="0"/>
        <line num="94" count="9" type="stmt"/>
        <line num="95" count="9" type="cond" truecount="3" falsecount="1"/>
        <line num="96" count="9" type="stmt"/>
        <line num="98" count="9" type="stmt"/>
        <line num="104" count="1121" type="cond" truecount="2" falsecount="0"/>
        <line num="105" count="1094" type="stmt"/>
        <line num="107" count="1121" type="cond" truecount="2" falsecount="0"/>
        <line num="108" count="1121" type="stmt"/>
      </file>
      <file name="Parser.js" path="E:\DocumentosHDD\GitHub\p5-t1-egg-0-miguelbravo7\lib\Parser.js">
        <metrics statements="36" coveredstatements="31" conditionals="26" coveredconditionals="21" methods="6" coveredmethods="6"/>
        <line num="1" count="4" type="stmt"/>
        <line num="2" count="4" type="stmt"/>
        <line num="4" count="4" type="stmt"/>
        <line num="7" count="27" type="stmt"/>
        <line num="11" count="5632" type="stmt"/>
        <line num="15" count="1121" type="stmt"/>
        <line num="21" count="448" type="cond" truecount="4" falsecount="0"/>
        <line num="22" count="133" type="stmt"/>
        <line num="23" count="314" type="cond" truecount="1" falsecount="1"/>
        <line num="24" count="314" type="stmt"/>
        <line num="25" count="0" type="cond" truecount="0" falsecount="2"/>
        <line num="26" count="0" type="stmt"/>
        <line num="28" count="0" type="stmt"/>
        <line num="31" count="447" type="stmt"/>
        <line num="32" count="447" type="stmt"/>
        <line num="37" count="637" type="cond" truecount="4" falsecount="0"/>
        <line num="38" count="424" type="stmt"/>
        <line num="41" count="213" type="stmt"/>
        <line num="43" count="213" type="stmt"/>
        <line num="45" count="213" type="cond" truecount="2" falsecount="0"/>
        <line num="46" count="421" type="stmt"/>
        <line num="47" count="421" type="stmt"/>
        <line num="49" count="421" type="cond" truecount="4" falsecount="0"/>
        <line num="50" count="221" type="stmt"/>
        <line num="51" count="200" type="cond" truecount="3" falsecount="1"/>
        <line num="52" count="0" type="stmt"/>
        <line num="56" count="213" type="stmt"/>
        <line num="58" count="213" type="cond" truecount="2" falsecount="0"/>
        <line num="59" count="23" type="stmt"/>
        <line num="61" count="190" type="stmt"/>
        <line num="65" count="27" type="stmt"/>
        <line num="66" count="27" type="stmt"/>
        <line num="67" count="26" type="cond" truecount="1" falsecount="1"/>
        <line num="68" count="0" type="stmt"/>
        <line num="71" count="26" type="stmt"/>
        <line num="73" count="26" type="stmt"/>
      </file>
      <file name="ast.js" path="E:\DocumentosHDD\GitHub\p5-t1-egg-0-miguelbravo7\lib\ast.js">
        <metrics statements="37" coveredstatements="33" conditionals="20" coveredconditionals="14" methods="11" coveredmethods="11"/>
        <line num="1" count="4" type="stmt"/>
        <line num="5" count="245" type="stmt"/>
        <line num="6" count="245" type="stmt"/>
        <line num="9" count="140" type="stmt"/>
        <line num="15" count="653" type="stmt"/>
        <line num="16" count="653" type="stmt"/>
        <line num="19" count="206" type="cond" truecount="1" falsecount="1"/>
        <line num="20" count="206" type="stmt"/>
        <line num="22" count="0" type="stmt"/>
        <line num="29" count="327" type="stmt"/>
        <line num="30" count="327" type="stmt"/>
        <line num="31" count="327" type="stmt"/>
        <line num="32" count="327" type="stmt"/>
        <line num="35" count="256" type="cond" truecount="4" falsecount="0"/>
        <line num="36" count="122" type="stmt"/>
        <line num="37" count="134" type="stmt"/>
        <line num="38" count="134" type="stmt"/>
        <line num="39" count="189" type="stmt"/>
        <line num="40" count="134" type="cond" truecount="2" falsecount="0"/>
        <line num="41" count="110" type="stmt"/>
        <line num="42" count="24" type="cond" truecount="1" falsecount="1"/>
        <line num="43" count="24" type="stmt"/>
        <line num="44" count="24" type="cond" truecount="2" falsecount="0"/>
        <line num="45" count="23" type="cond" truecount="2" falsecount="0"/>
        <line num="46" count="18" type="stmt"/>
        <line num="48" count="5" type="stmt"/>
        <line num="51" count="1" type="cond" truecount="1" falsecount="1"/>
        <line num="52" count="1" type="cond" truecount="1" falsecount="1"/>
        <line num="53" count="1" type="stmt"/>
        <line num="55" count="0" type="cond" truecount="0" falsecount="2"/>
        <line num="58" count="0" type="stmt"/>
        <line num="62" count="0" type="stmt"/>
        <line num="69" count="8" type="stmt"/>
        <line num="70" count="8" type="stmt"/>
        <line num="71" count="8" type="stmt"/>
        <line num="74" count="1" type="stmt"/>
        <line num="78" count="4" type="stmt"/>
      </file>
      <file name="eggvm.js" path="E:\DocumentosHDD\GitHub\p5-t1-egg-0-miguelbravo7\lib\eggvm.js">
        <metrics statements="20" coveredstatements="18" conditionals="0" coveredconditionals="0" methods="3" coveredmethods="3"/>
        <line num="1" count="4" type="stmt"/>
        <line num="3" count="4" type="stmt"/>
        <line num="4" count="4" type="stmt"/>
        <line num="6" count="4" type="stmt"/>
        <line num="7" count="4" type="stmt"/>
        <line num="10" count="19" type="stmt"/>
        <line num="11" count="19" type="stmt"/>
        <line num="12" count="19" type="stmt"/>
        <line num="13" count="19" type="stmt"/>
        <line num="17" count="16" type="stmt"/>
        <line num="18" count="16" type="stmt"/>
        <line num="19" count="16" type="stmt"/>
        <line num="22" count="0" type="stmt"/>
        <line num="27" count="2" type="stmt"/>
        <line num="28" count="2" type="stmt"/>
        <line num="29" count="2" type="stmt"/>
        <line num="30" count="2" type="stmt"/>
        <line num="31" count="2" type="stmt"/>
        <line num="34" count="0" type="stmt"/>
        <line num="38" count="4" type="stmt"/>
      </file>
      <file name="json2AST.js" path="E:\DocumentosHDD\GitHub\p5-t1-egg-0-miguelbravo7\lib\json2AST.js">
        <metrics statements="13" coveredstatements="13" conditionals="0" coveredconditionals="0" methods="5" coveredmethods="5"/>
        <line num="1" count="4" type="stmt"/>
        <line num="2" count="4" type="stmt"/>
        <line num="4" count="4" type="stmt"/>
        <line num="5" count="112" type="stmt"/>
        <line num="6" count="112" type="stmt"/>
        <line num="7" count="170" type="stmt"/>
        <line num="8" count="112" type="stmt"/>
        <line num="11" count="4" type="stmt"/>
        <line num="12" count="336" type="stmt"/>
        <line num="13" count="336" type="stmt"/>
        <line num="14" count="336" type="stmt"/>
        <line num="17" count="112" type="stmt"/>
        <line num="19" count="8" type="stmt"/>
      </file>
      <file name="monkey-patching.js" path="E:\DocumentosHDD\GitHub\p5-t1-egg-0-miguelbravo7\lib\monkey-patching.js">
        <metrics statements="38" coveredstatements="32" conditionals="26" coveredconditionals="17" methods="5" coveredmethods="5"/>
        <line num="1" count="2" type="stmt"/>
        <line num="2" count="21" type="cond" truecount="1" falsecount="1"/>
        <line num="3" count="0" type="stmt"/>
        <line num="6" count="21" type="cond" truecount="3" falsecount="1"/>
        <line num="7" count="0" type="stmt"/>
        <line num="11" count="2" type="stmt"/>
        <line num="12" count="17" type="cond" truecount="2" falsecount="0"/>
        <line num="13" count="4" type="stmt"/>
        <line num="16" count="17" type="cond" truecount="1" falsecount="1"/>
        <line num="17" count="0" type="stmt"/>
        <line num="20" count="17" type="stmt"/>
        <line num="23" count="2" type="stmt"/>
        <line num="24" count="18" type="stmt"/>
        <line num="25" count="18" type="stmt"/>
        <line num="26" count="18" type="cond" truecount="2" falsecount="0"/>
        <line num="27" count="14" type="stmt"/>
        <line num="30" count="18" type="cond" truecount="1" falsecount="1"/>
        <line num="31" count="0" type="cond" truecount="0" falsecount="2"/>
        <line num="33" count="18" type="stmt"/>
        <line num="36" count="18" type="cond" truecount="2" falsecount="0"/>
        <line num="37" count="13" type="stmt"/>
        <line num="39" count="5" type="stmt"/>
        <line num="43" count="2" type="stmt"/>
        <line num="44" count="3" type="cond" truecount="1" falsecount="1"/>
        <line num="45" count="0" type="stmt"/>
        <line num="47" count="3" type="stmt"/>
        <line num="48" count="3" type="stmt"/>
        <line num="49" count="3" type="cond" truecount="1" falsecount="1"/>
        <line num="50" count="3" type="stmt"/>
        <line num="52" count="3" type="cond" truecount="2" falsecount="0"/>
        <line num="53" count="2" type="cond" truecount="1" falsecount="1"/>
        <line num="54" count="0" type="stmt"/>
        <line num="56" count="2" type="stmt"/>
        <line num="58" count="2" type="stmt"/>
        <line num="61" count="1" type="stmt"/>
        <line num="62" count="1" type="stmt"/>
        <line num="65" count="2" type="stmt"/>
        <line num="66" count="6" type="stmt"/>
      </file>
      <file name="parse.js" path="E:\DocumentosHDD\GitHub\p5-t1-egg-0-miguelbravo7\lib\parse.js">
        <metrics statements="20" coveredstatements="18" conditionals="6" coveredconditionals="4" methods="3" coveredmethods="3"/>
        <line num="1" count="4" type="stmt"/>
        <line num="2" count="4" type="stmt"/>
        <line num="3" count="4" type="stmt"/>
        <line num="6" count="21" type="stmt"/>
        <line num="11" count="2" type="stmt"/>
        <line num="12" count="2" type="stmt"/>
        <line num="14" count="0" type="stmt"/>
        <line num="15" count="0" type="stmt"/>
        <line num="17" count="2" type="stmt"/>
        <line num="18" count="2" type="stmt"/>
        <line num="22" count="5" type="stmt"/>
        <line num="23" count="5" type="stmt"/>
        <line num="24" count="5" type="stmt"/>
        <line num="25" count="18" type="cond" truecount="1" falsecount="1"/>
        <line num="26" count="18" type="cond" truecount="2" falsecount="0"/>
        <line num="27" count="9" type="stmt"/>
        <line num="29" count="9" type="cond" truecount="1" falsecount="1"/>
        <line num="30" count="9" type="stmt"/>
        <line num="33" count="5" type="stmt"/>
        <line num="36" count="4" type="stmt"/>
      </file>
      <file name="registry.js" path="E:\DocumentosHDD\GitHub\p5-t1-egg-0-miguelbravo7\lib\registry.js">
        <metrics statements="6" coveredstatements="4" conditionals="5" coveredconditionals="4" methods="2" coveredmethods="1"/>
        <line num="3" count="0" type="stmt"/>
        <line num="7" count="284" type="cond" truecount="4" falsecount="1"/>
        <line num="8" count="284" type="stmt"/>
        <line num="10" count="0" type="stmt"/>
        <line num="15" count="4" type="stmt"/>
        <line num="17" count="4" type="stmt"/>
      </file>
      <file name="specialForms.js" path="E:\DocumentosHDD\GitHub\p5-t1-egg-0-miguelbravo7\lib\specialForms.js">
        <metrics statements="137" coveredstatements="105" conditionals="38" coveredconditionals="25" methods="24" coveredmethods="17"/>
        <line num="1" count="4" type="stmt"/>
        <line num="3" count="4" type="stmt"/>
        <line num="4" count="0" type="cond" truecount="0" falsecount="2"/>
        <line num="5" count="0" type="stmt"/>
        <line num="7" count="0" type="cond" truecount="0" falsecount="2"/>
        <line num="8" count="0" type="stmt"/>
        <line num="10" count="0" type="stmt"/>
        <line num="14" count="4" type="stmt"/>
        <line num="15" count="0" type="cond" truecount="0" falsecount="2"/>
        <line num="16" count="0" type="stmt"/>
        <line num="18" count="0" type="stmt"/>
        <line num="19" count="0" type="stmt"/>
        <line num="21" count="0" type="stmt"/>
        <line num="24" count="4" type="stmt"/>
        <line num="25" count="1" type="stmt"/>
        <line num="26" count="1" type="stmt"/>
        <line num="27" count="1" type="stmt"/>
        <line num="28" count="5" type="stmt"/>
        <line num="29" count="5" type="stmt"/>
        <line num="31" count="1" type="stmt"/>
        <line num="34" count="4" type="stmt"/>
        <line num="35" count="2" type="stmt"/>
        <line num="36" count="2" type="stmt"/>
        <line num="37" count="2" type="stmt"/>
        <line num="38" count="6" type="stmt"/>
        <line num="39" count="6" type="stmt"/>
        <line num="41" count="2" type="stmt"/>
        <line num="44" count="4" type="stmt"/>
        <line num="45" count="34" type="stmt"/>
        <line num="48" count="4" type="stmt"/>
        <line num="49" count="2" type="stmt"/>
        <line num="50" count="2" type="stmt"/>
        <line num="51" count="2" type="stmt"/>
        <line num="52" count="2" type="stmt"/>
        <line num="53" count="8" type="stmt"/>
        <line num="54" count="8" type="stmt"/>
        <line num="55" count="8" type="stmt"/>
        <line num="57" count="2" type="stmt"/>
        <line num="60" count="4" type="stmt"/>
        <line num="61" count="31" type="stmt"/>
        <line num="62" count="31" type="stmt"/>
        <line num="63" count="97" type="stmt"/>
        <line num="65" count="31" type="stmt"/>
        <line num="69" count="4" type="stmt"/>
        <line num="70" count="0" type="stmt"/>
        <line num="73" count="4" type="stmt"/>
        <line num="74" count="35" type="cond" truecount="3" falsecount="1"/>
        <line num="75" count="0" type="stmt"/>
        <line num="77" count="35" type="stmt"/>
        <line num="78" count="35" type="stmt"/>
        <line num="79" count="35" type="stmt"/>
        <line num="82" count="4" type="stmt"/>
        <line num="83" count="14" type="cond" truecount="2" falsecount="0"/>
        <line num="84" count="12" type="stmt"/>
        <line num="85" count="12" type="stmt"/>
        <line num="86" count="2" type="cond" truecount="1" falsecount="1"/>
        <line num="87" count="2" type="stmt"/>
        <line num="88" count="2" type="stmt"/>
        <line num="90" count="0" type="stmt"/>
        <line num="93" count="4" type="stmt"/>
        <line num="94" count="13" type="cond" truecount="1" falsecount="1"/>
        <line num="95" count="0" type="stmt"/>
        <line num="97" count="13" type="stmt"/>
        <line num="98" count="13" type="stmt"/>
        <line num="101" count="24" type="stmt"/>
        <line num="102" count="24" type="cond" truecount="3" falsecount="1"/>
        <line num="103" count="0" type="stmt"/>
        <line num="105" count="24" type="stmt"/>
        <line num="106" count="24" type="stmt"/>
        <line num="107" count="25" type="stmt"/>
        <line num="109" count="24" type="cond" truecount="2" falsecount="0"/>
        <line num="110" count="21" type="stmt"/>
        <line num="111" count="21" type="stmt"/>
        <line num="112" count="8" type="stmt"/>
        <line num="113" count="8" type="stmt"/>
        <line num="115" count="21" type="stmt"/>
        <line num="118" count="3" type="stmt"/>
        <line num="125" count="13" type="stmt"/>
        <line num="132" count="4" type="stmt"/>
        <line num="133" count="5" type="stmt"/>
        <line num="134" count="5" type="stmt"/>
        <line num="135" count="5" type="cond" truecount="2" falsecount="0"/>
        <line num="136" count="4" type="stmt"/>
        <line num="137" count="4" type="stmt"/>
        <line num="139" count="1" type="cond" truecount="1" falsecount="1"/>
        <line num="140" count="1" type="stmt"/>
        <line num="142" count="0" type="stmt"/>
        <line num="145" count="5" type="stmt"/>
        <line num="146" count="5" type="stmt"/>
        <line num="149" count="4" type="stmt"/>
        <line num="150" count="4" type="stmt"/>
        <line num="151" count="4" type="cond" truecount="2" falsecount="0"/>
        <line num="152" count="4" type="stmt"/>
        <line num="153" count="4" type="cond" truecount="2" falsecount="0"/>
        <line num="154" count="2" type="stmt"/>
        <line num="156" count="4" type="stmt"/>
        <line num="157" count="4" type="stmt"/>
        <line num="160" count="4" type="stmt"/>
        <line num="177" count="56" type="stmt"/>
        <line num="178" count="8" type="cond" truecount="1" falsecount="1"/>
        <line num="179" count="0" type="stmt"/>
        <line num="181" count="8" type="stmt"/>
        <line num="182" count="8" type="stmt"/>
        <line num="183" count="8" type="stmt"/>
        <line num="185" count="8" type="stmt"/>
        <line num="186" count="19" type="cond" truecount="2" falsecount="0"/>
        <line num="187" count="7" type="cond" truecount="2" falsecount="0"/>
        <line num="188" count="2" type="stmt"/>
        <line num="190" count="5" type="stmt"/>
        <line num="191" count="5" type="stmt"/>
        <line num="192" count="1" type="stmt"/>
        <line num="194" count="5" type="cond" truecount="1" falsecount="1"/>
        <line num="195" count="0" type="stmt"/>
        <line num="197" count="5" type="stmt"/>
        <line num="199" count="7" type="stmt"/>
        <line num="202" count="1" type="stmt"/>
        <line num="206" count="4" type="stmt"/>
        <line num="208" count="4" type="stmt"/>
        <line num="212" count="8" type="stmt"/>
        <line num="213" count="5" type="stmt"/>
        <line num="214" count="5" type="stmt"/>
        <line num="219" count="0" type="stmt"/>
        <line num="220" count="0" type="stmt"/>
        <line num="221" count="0" type="stmt"/>
        <line num="222" count="0" type="stmt"/>
        <line num="224" count="0" type="stmt"/>
        <line num="227" count="4" type="stmt"/>
        <line num="228" count="0" type="stmt"/>
        <line num="229" count="0" type="stmt"/>
        <line num="230" count="0" type="stmt"/>
        <line num="231" count="0" type="stmt"/>
        <line num="232" count="0" type="stmt"/>
        <line num="233" count="0" type="stmt"/>
        <line num="234" count="0" type="stmt"/>
        <line num="236" count="0" type="stmt"/>
        <line num="237" count="0" type="stmt"/>
        <line num="240" count="4" type="stmt"/>
      </file>
      <file name="tokens.js" path="E:\DocumentosHDD\GitHub\p5-t1-egg-0-miguelbravo7\lib\tokens.js">
        <metrics statements="17" coveredstatements="16" conditionals="0" coveredconditionals="0" methods="15" coveredmethods="14"/>
        <line num="3" count="340" type="stmt"/>
        <line num="4" count="340" type="stmt"/>
        <line num="8" count="994" type="stmt"/>
        <line num="14" count="34" type="stmt"/>
        <line num="20" count="34" type="stmt"/>
        <line num="23" count="0" type="stmt"/>
        <line num="28" count="34" type="stmt"/>
        <line num="31" count="27" type="stmt"/>
        <line num="36" count="34" type="stmt"/>
        <line num="39" count="89" type="stmt"/>
        <line num="44" count="34" type="stmt"/>
        <line num="49" count="34" type="stmt"/>
        <line num="54" count="34" type="stmt"/>
        <line num="59" count="34" type="stmt"/>
        <line num="64" count="34" type="stmt"/>
        <line num="69" count="34" type="stmt"/>
        <line num="73" count="5" type="stmt"/>
      </file>
      <file name="topEnv.js" path="E:\DocumentosHDD\GitHub\p5-t1-egg-0-miguelbravo7\lib\topEnv.js">
        <metrics statements="41" coveredstatements="34" conditionals="4" coveredconditionals="3" methods="14" coveredmethods="8"/>
        <line num="1" count="4" type="stmt"/>
        <line num="3" count="4" type="stmt"/>
        <line num="6" count="4" type="stmt"/>
        <line num="7" count="4" type="stmt"/>
        <line num="8" count="4" type="stmt"/>
        <line num="9" count="4" type="stmt"/>
        <line num="10" count="4" type="stmt"/>
        <line num="12" count="4" type="stmt"/>
        <line num="46" count="88" type="stmt"/>
        <line num="49" count="4" type="stmt"/>
        <line num="55" count="8" type="stmt"/>
        <line num="58" count="4" type="stmt"/>
        <line num="60" count="51" type="stmt"/>
        <line num="64" count="4" type="stmt"/>
        <line num="67" count="0" type="stmt"/>
        <line num="69" count="0" type="stmt"/>
        <line num="72" count="4" type="stmt"/>
        <line num="75" count="0" type="stmt"/>
        <line num="77" count="0" type="stmt"/>
        <line num="80" count="4" type="stmt"/>
        <line num="83" count="11" type="stmt"/>
        <line num="85" count="0" type="stmt"/>
        <line num="86" count="0" type="stmt"/>
        <line num="89" count="4" type="stmt"/>
        <line num="91" count="3" type="stmt"/>
        <line num="95" count="4" type="stmt"/>
        <line num="97" count="2" type="cond" truecount="1" falsecount="1"/>
        <line num="98" count="0" type="stmt"/>
        <line num="100" count="2" type="stmt"/>
        <line num="101" count="2" type="stmt"/>
        <line num="102" count="4" type="stmt"/>
        <line num="104" count="2" type="stmt"/>
        <line num="108" count="4" type="stmt"/>
        <line num="110" count="2" type="cond" truecount="2" falsecount="0"/>
        <line num="111" count="1" type="stmt"/>
        <line num="112" count="1" type="stmt"/>
        <line num="114" count="1" type="stmt"/>
        <line num="116" count="1" type="stmt"/>
        <line num="118" count="2" type="stmt"/>
        <line num="122" count="4" type="stmt"/>
        <line num="124" count="4" type="stmt"/>
      </file>
    </package>
    <package name="test">
      <metrics statements="11" coveredstatements="11" conditionals="0" coveredconditionals="0" methods="4" coveredmethods="4"/>
      <file name="utilities.js" path="E:\DocumentosHDD\GitHub\p5-t1-egg-0-miguelbravo7\test\utilities.js">
        <metrics statements="11" coveredstatements="11" conditionals="0" coveredconditionals="0" methods="4" coveredmethods="4"/>
        <line num="1" count="2" type="stmt"/>
        <line num="2" count="2" type="stmt"/>
        <line num="4" count="2" type="stmt"/>
        <line num="5" count="16" type="stmt"/>
        <line num="6" count="16" type="stmt"/>
        <line num="7" count="16" type="stmt"/>
        <line num="11" count="2" type="stmt"/>
        <line num="12" count="21" type="stmt"/>
        <line num="15" count="2" type="stmt"/>
        <line num="16" count="21" type="stmt"/>
        <line num="19" count="2" type="stmt"/>
      </file>
    </package>
  </project>
</coverage>
