{"E:\\DocumentosHDD\\GitHub\\p5-t1-egg-0-miguelbravo7\\lib\\Lexer.js": {"path":"E:\\DocumentosHDD\\GitHub\\p5-t1-egg-0-miguelbravo7\\lib\\Lexer.js","statementMap":{"0":{"start":{"line":1,"column":15},"end":{"line":1,"column":37}},"1":{"start":{"line":3,"column":0},"end":{"line":110,"column":2}},"2":{"start":{"line":6,"column":8},"end":{"line":6,"column":31}},"3":{"start":{"line":7,"column":8},"end":{"line":7,"column":24}},"4":{"start":{"line":8,"column":8},"end":{"line":8,"column":28}},"5":{"start":{"line":9,"column":8},"end":{"line":9,"column":33}},"6":{"start":{"line":10,"column":8},"end":{"line":10,"column":151}},"7":{"start":{"line":10,"column":138},"end":{"line":10,"column":149}},"8":{"start":{"line":11,"column":8},"end":{"line":11,"column":86}},"9":{"start":{"line":11,"column":73},"end":{"line":11,"column":84}},"10":{"start":{"line":12,"column":8},"end":{"line":12,"column":50}},"11":{"start":{"line":13,"column":8},"end":{"line":13,"column":37}},"12":{"start":{"line":14,"column":8},"end":{"line":14,"column":38}},"13":{"start":{"line":18,"column":8},"end":{"line":29,"column":9}},"14":{"start":{"line":19,"column":24},"end":{"line":19,"column":28}},"15":{"start":{"line":20,"column":12},"end":{"line":20,"column":32}},"16":{"start":{"line":21,"column":12},"end":{"line":21,"column":42}},"17":{"start":{"line":22,"column":12},"end":{"line":25,"column":28}},"18":{"start":{"line":23,"column":16},"end":{"line":23,"column":35}},"19":{"start":{"line":24,"column":16},"end":{"line":24,"column":43}},"20":{"start":{"line":26,"column":12},"end":{"line":26,"column":33}},"21":{"start":{"line":27,"column":12},"end":{"line":27,"column":42}},"22":{"start":{"line":28,"column":12},"end":{"line":28,"column":33}},"23":{"start":{"line":30,"column":8},"end":{"line":30,"column":30}},"24":{"start":{"line":36,"column":8},"end":{"line":36,"column":37}},"25":{"start":{"line":38,"column":8},"end":{"line":59,"column":9}},"26":{"start":{"line":39,"column":23},"end":{"line":39,"column":27}},"27":{"start":{"line":40,"column":12},"end":{"line":51,"column":13}},"28":{"start":{"line":41,"column":16},"end":{"line":41,"column":52}},"29":{"start":{"line":42,"column":16},"end":{"line":50,"column":17}},"30":{"start":{"line":43,"column":20},"end":{"line":43,"column":57}},"31":{"start":{"line":44,"column":20},"end":{"line":44,"column":59}},"32":{"start":{"line":45,"column":20},"end":{"line":45,"column":60}},"33":{"start":{"line":46,"column":20},"end":{"line":46,"column":56}},"34":{"start":{"line":47,"column":20},"end":{"line":47,"column":67}},"35":{"start":{"line":48,"column":20},"end":{"line":48,"column":33}},"36":{"start":{"line":49,"column":20},"end":{"line":49,"column":26}},"37":{"start":{"line":52,"column":12},"end":{"line":55,"column":13}},"38":{"start":{"line":53,"column":16},"end":{"line":54,"column":81}},"39":{"start":{"line":58,"column":12},"end":{"line":58,"column":34}},"40":{"start":{"line":60,"column":8},"end":{"line":60,"column":30}},"41":{"start":{"line":65,"column":8},"end":{"line":79,"column":53}},"42":{"start":{"line":66,"column":12},"end":{"line":66,"column":46}},"43":{"start":{"line":68,"column":12},"end":{"line":78,"column":13}},"44":{"start":{"line":69,"column":28},"end":{"line":69,"column":47}},"45":{"start":{"line":70,"column":16},"end":{"line":77,"column":17}},"46":{"start":{"line":71,"column":20},"end":{"line":71,"column":65}},"47":{"start":{"line":72,"column":20},"end":{"line":74,"column":21}},"48":{"start":{"line":73,"column":24},"end":{"line":73,"column":89}},"49":{"start":{"line":76,"column":20},"end":{"line":76,"column":55}},"50":{"start":{"line":83,"column":8},"end":{"line":83,"column":32}},"51":{"start":{"line":84,"column":21},"end":{"line":84,"column":88}},"52":{"start":{"line":85,"column":8},"end":{"line":85,"column":68}},"53":{"start":{"line":85,"column":36},"end":{"line":85,"column":64}},"54":{"start":{"line":89,"column":8},"end":{"line":100,"column":11}},"55":{"start":{"line":90,"column":12},"end":{"line":99,"column":13}},"56":{"start":{"line":91,"column":16},"end":{"line":91,"column":54}},"57":{"start":{"line":92,"column":16},"end":{"line":92,"column":38}},"58":{"start":{"line":93,"column":19},"end":{"line":99,"column":13}},"59":{"start":{"line":94,"column":16},"end":{"line":94,"column":34}},"60":{"start":{"line":95,"column":16},"end":{"line":97,"column":17}},"61":{"start":{"line":96,"column":20},"end":{"line":96,"column":62}},"62":{"start":{"line":98,"column":16},"end":{"line":98,"column":80}},"63":{"start":{"line":104,"column":8},"end":{"line":106,"column":9}},"64":{"start":{"line":105,"column":12},"end":{"line":105,"column":35}},"65":{"start":{"line":107,"column":8},"end":{"line":107,"column":70}},"66":{"start":{"line":108,"column":8},"end":{"line":108,"column":30}}},"fnMap":{"0":{"name":"(anonymous_0)","decl":{"start":{"line":5,"column":4},"end":{"line":5,"column":5}},"loc":{"start":{"line":5,"column":25},"end":{"line":15,"column":5}},"line":5},"1":{"name":"(anonymous_1)","decl":{"start":{"line":10,"column":129},"end":{"line":10,"column":130}},"loc":{"start":{"line":10,"column":138},"end":{"line":10,"column":149}},"line":10},"2":{"name":"(anonymous_2)","decl":{"start":{"line":11,"column":64},"end":{"line":11,"column":65}},"loc":{"start":{"line":11,"column":73},"end":{"line":11,"column":84}},"line":11},"3":{"name":"(anonymous_3)","decl":{"start":{"line":17,"column":4},"end":{"line":17,"column":5}},"loc":{"start":{"line":17,"column":17},"end":{"line":31,"column":5}},"line":17},"4":{"name":"(anonymous_4)","decl":{"start":{"line":33,"column":4},"end":{"line":33,"column":5}},"loc":{"start":{"line":33,"column":10},"end":{"line":61,"column":5}},"line":33},"5":{"name":"(anonymous_5)","decl":{"start":{"line":63,"column":4},"end":{"line":63,"column":5}},"loc":{"start":{"line":63,"column":22},"end":{"line":80,"column":5}},"line":63},"6":{"name":"(anonymous_6)","decl":{"start":{"line":82,"column":4},"end":{"line":82,"column":5}},"loc":{"start":{"line":82,"column":33},"end":{"line":86,"column":5}},"line":82},"7":{"name":"(anonymous_7)","decl":{"start":{"line":85,"column":23},"end":{"line":85,"column":24}},"loc":{"start":{"line":85,"column":34},"end":{"line":85,"column":66}},"line":85},"8":{"name":"(anonymous_8)","decl":{"start":{"line":88,"column":4},"end":{"line":88,"column":5}},"loc":{"start":{"line":88,"column":20},"end":{"line":101,"column":5}},"line":88},"9":{"name":"(anonymous_9)","decl":{"start":{"line":89,"column":31},"end":{"line":89,"column":32}},"loc":{"start":{"line":89,"column":49},"end":{"line":100,"column":9}},"line":89},"10":{"name":"(anonymous_10)","decl":{"start":{"line":103,"column":4},"end":{"line":103,"column":5}},"loc":{"start":{"line":103,"column":16},"end":{"line":109,"column":5}},"line":103}},"branchMap":{"0":{"loc":{"start":{"line":18,"column":8},"end":{"line":29,"column":9}},"type":"if","locations":[{"start":{"line":18,"column":8},"end":{"line":29,"column":9}},{"start":{"line":18,"column":8},"end":{"line":29,"column":9}}],"line":18},"1":{"loc":{"start":{"line":38,"column":8},"end":{"line":59,"column":9}},"type":"if","locations":[{"start":{"line":38,"column":8},"end":{"line":59,"column":9}},{"start":{"line":38,"column":8},"end":{"line":59,"column":9}}],"line":38},"2":{"loc":{"start":{"line":42,"column":16},"end":{"line":50,"column":17}},"type":"if","locations":[{"start":{"line":42,"column":16},"end":{"line":50,"column":17}},{"start":{"line":42,"column":16},"end":{"line":50,"column":17}}],"line":42},"3":{"loc":{"start":{"line":52,"column":12},"end":{"line":55,"column":13}},"type":"if","locations":[{"start":{"line":52,"column":12},"end":{"line":55,"column":13}},{"start":{"line":52,"column":12},"end":{"line":55,"column":13}}],"line":52},"4":{"loc":{"start":{"line":70,"column":16},"end":{"line":77,"column":17}},"type":"if","locations":[{"start":{"line":70,"column":16},"end":{"line":77,"column":17}},{"start":{"line":70,"column":16},"end":{"line":77,"column":17}}],"line":70},"5":{"loc":{"start":{"line":72,"column":20},"end":{"line":74,"column":21}},"type":"if","locations":[{"start":{"line":72,"column":20},"end":{"line":74,"column":21}},{"start":{"line":72,"column":20},"end":{"line":74,"column":21}}],"line":72},"6":{"loc":{"start":{"line":90,"column":12},"end":{"line":99,"column":13}},"type":"if","locations":[{"start":{"line":90,"column":12},"end":{"line":99,"column":13}},{"start":{"line":90,"column":12},"end":{"line":99,"column":13}}],"line":90},"7":{"loc":{"start":{"line":90,"column":16},"end":{"line":90,"column":111}},"type":"binary-expr","locations":[{"start":{"line":90,"column":16},"end":{"line":90,"column":41}},{"start":{"line":90,"column":46},"end":{"line":90,"column":84}},{"start":{"line":90,"column":90},"end":{"line":90,"column":110}}],"line":90},"8":{"loc":{"start":{"line":93,"column":19},"end":{"line":99,"column":13}},"type":"if","locations":[{"start":{"line":93,"column":19},"end":{"line":99,"column":13}},{"start":{"line":93,"column":19},"end":{"line":99,"column":13}}],"line":93},"9":{"loc":{"start":{"line":93,"column":23},"end":{"line":93,"column":65}},"type":"binary-expr","locations":[{"start":{"line":93,"column":23},"end":{"line":93,"column":42}},{"start":{"line":93,"column":46},"end":{"line":93,"column":65}}],"line":93},"10":{"loc":{"start":{"line":95,"column":16},"end":{"line":97,"column":17}},"type":"if","locations":[{"start":{"line":95,"column":16},"end":{"line":97,"column":17}},{"start":{"line":95,"column":16},"end":{"line":97,"column":17}}],"line":95},"11":{"loc":{"start":{"line":95,"column":20},"end":{"line":95,"column":90}},"type":"binary-expr","locations":[{"start":{"line":95,"column":20},"end":{"line":95,"column":45}},{"start":{"line":95,"column":49},"end":{"line":95,"column":90}}],"line":95},"12":{"loc":{"start":{"line":104,"column":8},"end":{"line":106,"column":9}},"type":"if","locations":[{"start":{"line":104,"column":8},"end":{"line":106,"column":9}},{"start":{"line":104,"column":8},"end":{"line":106,"column":9}}],"line":104},"13":{"loc":{"start":{"line":107,"column":25},"end":{"line":107,"column":69}},"type":"binary-expr","locations":[{"start":{"line":107,"column":25},"end":{"line":107,"column":61}},{"start":{"line":107,"column":65},"end":{"line":107,"column":69}}],"line":107}},"s":{"0":5,"1":5,"2":34,"3":34,"4":34,"5":34,"6":34,"7":238,"8":34,"9":68,"10":34,"11":34,"12":34,"13":41,"14":34,"15":34,"16":34,"17":34,"18":1144,"19":1144,"20":34,"21":34,"22":34,"23":41,"24":1144,"25":1144,"26":1110,"27":1110,"28":5834,"29":5834,"30":1110,"31":1110,"32":1110,"33":1110,"34":1110,"35":1110,"36":1110,"37":1110,"38":0,"39":34,"40":1144,"41":1144,"42":1456,"43":1456,"44":2912,"45":2912,"46":342,"47":342,"48":160,"49":2570,"50":1580,"51":1580,"52":1580,"53":15800,"54":34,"55":1110,"56":8,"57":8,"58":1102,"59":9,"60":9,"61":9,"62":9,"63":1121,"64":1094,"65":1121,"66":1121},"f":{"0":34,"1":238,"2":68,"3":41,"4":1144,"5":1144,"6":1580,"7":15800,"8":34,"9":1110,"10":1121},"b":{"0":[34,7],"1":[1110,34],"2":[1110,4724],"3":[0,1110],"4":[342,2570],"5":[160,182],"6":[8,1102],"7":[1110,1080,8],"8":[9,1093],"9":[1102,223],"10":[9,0],"11":[9,9],"12":[1094,27],"13":[1121,27]},"_coverageSchema":"1a1c01bbd47fc00a2c39e90264f33305004495a9","hash":"7a3a717234cd9570de69912f5806df52bb3ae262"}
,"E:\\DocumentosHDD\\GitHub\\p5-t1-egg-0-miguelbravo7\\lib\\Parser.js": {"path":"E:\\DocumentosHDD\\GitHub\\p5-t1-egg-0-miguelbravo7\\lib\\Parser.js","statementMap":{"0":{"start":{"line":1,"column":38},"end":{"line":1,"column":57}},"1":{"start":{"line":2,"column":14},"end":{"line":2,"column":35}},"2":{"start":{"line":4,"column":0},"end":{"line":76,"column":2}},"3":{"start":{"line":7,"column":8},"end":{"line":7,"column":40}},"4":{"start":{"line":11,"column":8},"end":{"line":11,"column":36}},"5":{"start":{"line":15,"column":8},"end":{"line":15,"column":38}},"6":{"start":{"line":21,"column":8},"end":{"line":30,"column":9}},"7":{"start":{"line":22,"column":12},"end":{"line":22,"column":45}},"8":{"start":{"line":23,"column":15},"end":{"line":30,"column":9}},"9":{"start":{"line":24,"column":12},"end":{"line":24,"column":44}},"10":{"start":{"line":25,"column":15},"end":{"line":30,"column":9}},"11":{"start":{"line":26,"column":12},"end":{"line":26,"column":45}},"12":{"start":{"line":28,"column":12},"end":{"line":29,"column":86}},"13":{"start":{"line":31,"column":8},"end":{"line":31,"column":25}},"14":{"start":{"line":32,"column":8},"end":{"line":32,"column":37}},"15":{"start":{"line":37,"column":8},"end":{"line":39,"column":9}},"16":{"start":{"line":38,"column":12},"end":{"line":38,"column":24}},"17":{"start":{"line":41,"column":8},"end":{"line":41,"column":25}},"18":{"start":{"line":43,"column":8},"end":{"line":43,"column":31}},"19":{"start":{"line":45,"column":8},"end":{"line":55,"column":9}},"20":{"start":{"line":46,"column":22},"end":{"line":46,"column":44}},"21":{"start":{"line":47,"column":12},"end":{"line":47,"column":32}},"22":{"start":{"line":49,"column":12},"end":{"line":54,"column":13}},"23":{"start":{"line":50,"column":16},"end":{"line":50,"column":33}},"24":{"start":{"line":51,"column":19},"end":{"line":54,"column":13}},"25":{"start":{"line":52,"column":16},"end":{"line":53,"column":90}},"26":{"start":{"line":56,"column":8},"end":{"line":56,"column":25}},"27":{"start":{"line":58,"column":8},"end":{"line":60,"column":9}},"28":{"start":{"line":59,"column":12},"end":{"line":59,"column":24}},"29":{"start":{"line":61,"column":8},"end":{"line":61,"column":37}},"30":{"start":{"line":65,"column":8},"end":{"line":65,"column":25}},"31":{"start":{"line":66,"column":21},"end":{"line":66,"column":43}},"32":{"start":{"line":67,"column":8},"end":{"line":70,"column":9}},"33":{"start":{"line":68,"column":12},"end":{"line":69,"column":86}},"34":{"start":{"line":71,"column":8},"end":{"line":71,"column":44}},"35":{"start":{"line":73,"column":8},"end":{"line":73,"column":22}}},"fnMap":{"0":{"name":"(anonymous_0)","decl":{"start":{"line":6,"column":4},"end":{"line":6,"column":5}},"loc":{"start":{"line":6,"column":25},"end":{"line":8,"column":5}},"line":6},"1":{"name":"(anonymous_1)","decl":{"start":{"line":10,"column":4},"end":{"line":10,"column":5}},"loc":{"start":{"line":10,"column":20},"end":{"line":12,"column":5}},"line":10},"2":{"name":"(anonymous_2)","decl":{"start":{"line":14,"column":4},"end":{"line":14,"column":5}},"loc":{"start":{"line":14,"column":16},"end":{"line":16,"column":5}},"line":14},"3":{"name":"(anonymous_3)","decl":{"start":{"line":18,"column":4},"end":{"line":18,"column":5}},"loc":{"start":{"line":18,"column":22},"end":{"line":33,"column":5}},"line":18},"4":{"name":"(anonymous_4)","decl":{"start":{"line":35,"column":4},"end":{"line":35,"column":5}},"loc":{"start":{"line":35,"column":21},"end":{"line":62,"column":5}},"line":35},"5":{"name":"(anonymous_5)","decl":{"start":{"line":64,"column":4},"end":{"line":64,"column":5}},"loc":{"start":{"line":64,"column":12},"end":{"line":74,"column":5}},"line":64}},"branchMap":{"0":{"loc":{"start":{"line":21,"column":8},"end":{"line":30,"column":9}},"type":"if","locations":[{"start":{"line":21,"column":8},"end":{"line":30,"column":9}},{"start":{"line":21,"column":8},"end":{"line":30,"column":9}}],"line":21},"1":{"loc":{"start":{"line":21,"column":12},"end":{"line":21,"column":78}},"type":"binary-expr","locations":[{"start":{"line":21,"column":12},"end":{"line":21,"column":43}},{"start":{"line":21,"column":47},"end":{"line":21,"column":78}}],"line":21},"2":{"loc":{"start":{"line":23,"column":15},"end":{"line":30,"column":9}},"type":"if","locations":[{"start":{"line":23,"column":15},"end":{"line":30,"column":9}},{"start":{"line":23,"column":15},"end":{"line":30,"column":9}}],"line":23},"3":{"loc":{"start":{"line":25,"column":15},"end":{"line":30,"column":9}},"type":"if","locations":[{"start":{"line":25,"column":15},"end":{"line":30,"column":9}},{"start":{"line":25,"column":15},"end":{"line":30,"column":9}}],"line":25},"4":{"loc":{"start":{"line":37,"column":8},"end":{"line":39,"column":9}},"type":"if","locations":[{"start":{"line":37,"column":8},"end":{"line":39,"column":9}},{"start":{"line":37,"column":8},"end":{"line":39,"column":9}}],"line":37},"5":{"loc":{"start":{"line":37,"column":12},"end":{"line":37,"column":59}},"type":"binary-expr","locations":[{"start":{"line":37,"column":12},"end":{"line":37,"column":27}},{"start":{"line":37,"column":31},"end":{"line":37,"column":59}}],"line":37},"6":{"loc":{"start":{"line":45,"column":15},"end":{"line":45,"column":61}},"type":"binary-expr","locations":[{"start":{"line":45,"column":15},"end":{"line":45,"column":29}},{"start":{"line":45,"column":33},"end":{"line":45,"column":61}}],"line":45},"7":{"loc":{"start":{"line":49,"column":12},"end":{"line":54,"column":13}},"type":"if","locations":[{"start":{"line":49,"column":12},"end":{"line":54,"column":13}},{"start":{"line":49,"column":12},"end":{"line":54,"column":13}}],"line":49},"8":{"loc":{"start":{"line":49,"column":16},"end":{"line":49,"column":64}},"type":"binary-expr","locations":[{"start":{"line":49,"column":16},"end":{"line":49,"column":30}},{"start":{"line":49,"column":34},"end":{"line":49,"column":64}}],"line":49},"9":{"loc":{"start":{"line":51,"column":19},"end":{"line":54,"column":13}},"type":"if","locations":[{"start":{"line":51,"column":19},"end":{"line":54,"column":13}},{"start":{"line":51,"column":19},"end":{"line":54,"column":13}}],"line":51},"10":{"loc":{"start":{"line":51,"column":23},"end":{"line":51,"column":70}},"type":"binary-expr","locations":[{"start":{"line":51,"column":23},"end":{"line":51,"column":38}},{"start":{"line":51,"column":42},"end":{"line":51,"column":70}}],"line":51},"11":{"loc":{"start":{"line":58,"column":8},"end":{"line":60,"column":9}},"type":"if","locations":[{"start":{"line":58,"column":8},"end":{"line":60,"column":9}},{"start":{"line":58,"column":8},"end":{"line":60,"column":9}}],"line":58},"12":{"loc":{"start":{"line":67,"column":8},"end":{"line":70,"column":9}},"type":"if","locations":[{"start":{"line":67,"column":8},"end":{"line":70,"column":9}},{"start":{"line":67,"column":8},"end":{"line":70,"column":9}}],"line":67}},"s":{"0":4,"1":4,"2":4,"3":27,"4":5632,"5":1121,"6":448,"7":133,"8":314,"9":314,"10":0,"11":0,"12":0,"13":447,"14":447,"15":637,"16":424,"17":213,"18":213,"19":213,"20":421,"21":421,"22":421,"23":221,"24":200,"25":0,"26":213,"27":213,"28":23,"29":190,"30":27,"31":27,"32":26,"33":0,"34":26,"35":26},"f":{"0":27,"1":5632,"2":1121,"3":448,"4":637,"5":27},"b":{"0":[133,314],"1":[448,403],"2":[314,0],"3":[0,0],"4":[424,213],"5":[637,634],"6":[634,634],"7":[221,200],"8":[421,421],"9":[0,200],"10":[200,200],"11":[23,190],"12":[0,26]},"_coverageSchema":"1a1c01bbd47fc00a2c39e90264f33305004495a9","hash":"6e250248f437dbe269bfb800646380d733319567"}
,"E:\\DocumentosHDD\\GitHub\\p5-t1-egg-0-miguelbravo7\\lib\\ast.js": {"path":"E:\\DocumentosHDD\\GitHub\\p5-t1-egg-0-miguelbravo7\\lib\\ast.js","statementMap":{"0":{"start":{"line":1,"column":16},"end":{"line":1,"column":34}},"1":{"start":{"line":5,"column":8},"end":{"line":5,"column":28}},"2":{"start":{"line":6,"column":8},"end":{"line":6,"column":33}},"3":{"start":{"line":9,"column":8},"end":{"line":9,"column":26}},"4":{"start":{"line":15,"column":8},"end":{"line":15,"column":27}},"5":{"start":{"line":16,"column":8},"end":{"line":16,"column":32}},"6":{"start":{"line":19,"column":8},"end":{"line":23,"column":9}},"7":{"start":{"line":20,"column":12},"end":{"line":20,"column":34}},"8":{"start":{"line":22,"column":12},"end":{"line":22,"column":73}},"9":{"start":{"line":29,"column":8},"end":{"line":29,"column":28}},"10":{"start":{"line":30,"column":8},"end":{"line":30,"column":29}},"11":{"start":{"line":31,"column":8},"end":{"line":31,"column":23}},"12":{"start":{"line":32,"column":8},"end":{"line":32,"column":63}},"13":{"start":{"line":35,"column":8},"end":{"line":63,"column":9}},"14":{"start":{"line":36,"column":12},"end":{"line":36,"column":79}},"15":{"start":{"line":37,"column":15},"end":{"line":63,"column":9}},"16":{"start":{"line":38,"column":21},"end":{"line":38,"column":54}},"17":{"start":{"line":39,"column":32},"end":{"line":39,"column":92}},"18":{"start":{"line":39,"column":73},"end":{"line":39,"column":90}},"19":{"start":{"line":40,"column":12},"end":{"line":60,"column":13}},"20":{"start":{"line":41,"column":16},"end":{"line":41,"column":50}},"21":{"start":{"line":42,"column":19},"end":{"line":60,"column":13}},"22":{"start":{"line":43,"column":33},"end":{"line":43,"column":49}},"23":{"start":{"line":44,"column":16},"end":{"line":59,"column":17}},"24":{"start":{"line":45,"column":20},"end":{"line":49,"column":21}},"25":{"start":{"line":46,"column":24},"end":{"line":46,"column":89}},"26":{"start":{"line":46,"column":50},"end":{"line":46,"column":88}},"27":{"start":{"line":48,"column":24},"end":{"line":48,"column":46}},"28":{"start":{"line":51,"column":20},"end":{"line":58,"column":112}},"29":{"start":{"line":52,"column":24},"end":{"line":56,"column":25}},"30":{"start":{"line":53,"column":28},"end":{"line":53,"column":85}},"31":{"start":{"line":53,"column":48},"end":{"line":53,"column":84}},"32":{"start":{"line":55,"column":28},"end":{"line":55,"column":72}},"33":{"start":{"line":58,"column":24},"end":{"line":58,"column":112}},"34":{"start":{"line":62,"column":12},"end":{"line":62,"column":22}},"35":{"start":{"line":69,"column":8},"end":{"line":69,"column":28}},"36":{"start":{"line":70,"column":8},"end":{"line":70,"column":30}},"37":{"start":{"line":71,"column":8},"end":{"line":71,"column":32}},"38":{"start":{"line":74,"column":8},"end":{"line":74,"column":50}},"39":{"start":{"line":78,"column":0},"end":{"line":78,"column":47}}},"fnMap":{"0":{"name":"(anonymous_0)","decl":{"start":{"line":4,"column":4},"end":{"line":4,"column":5}},"loc":{"start":{"line":4,"column":23},"end":{"line":7,"column":5}},"line":4},"1":{"name":"(anonymous_1)","decl":{"start":{"line":8,"column":4},"end":{"line":8,"column":5}},"loc":{"start":{"line":8,"column":15},"end":{"line":10,"column":5}},"line":8},"2":{"name":"(anonymous_2)","decl":{"start":{"line":14,"column":4},"end":{"line":14,"column":5}},"loc":{"start":{"line":14,"column":23},"end":{"line":17,"column":5}},"line":14},"3":{"name":"(anonymous_3)","decl":{"start":{"line":18,"column":4},"end":{"line":18,"column":5}},"loc":{"start":{"line":18,"column":18},"end":{"line":24,"column":5}},"line":18},"4":{"name":"(anonymous_4)","decl":{"start":{"line":28,"column":4},"end":{"line":28,"column":5}},"loc":{"start":{"line":28,"column":22},"end":{"line":33,"column":5}},"line":28},"5":{"name":"(anonymous_5)","decl":{"start":{"line":34,"column":4},"end":{"line":34,"column":5}},"loc":{"start":{"line":34,"column":24},"end":{"line":64,"column":5}},"line":34},"6":{"name":"(anonymous_6)","decl":{"start":{"line":39,"column":64},"end":{"line":39,"column":65}},"loc":{"start":{"line":39,"column":73},"end":{"line":39,"column":90}},"line":39},"7":{"name":"(anonymous_7)","decl":{"start":{"line":46,"column":31},"end":{"line":46,"column":32}},"loc":{"start":{"line":46,"column":50},"end":{"line":46,"column":88}},"line":46},"8":{"name":"(anonymous_8)","decl":{"start":{"line":53,"column":35},"end":{"line":53,"column":36}},"loc":{"start":{"line":53,"column":48},"end":{"line":53,"column":84}},"line":53},"9":{"name":"(anonymous_9)","decl":{"start":{"line":68,"column":4},"end":{"line":68,"column":5}},"loc":{"start":{"line":68,"column":22},"end":{"line":72,"column":5}},"line":68},"10":{"name":"(anonymous_10)","decl":{"start":{"line":73,"column":4},"end":{"line":73,"column":5}},"loc":{"start":{"line":73,"column":15},"end":{"line":75,"column":5}},"line":73}},"branchMap":{"0":{"loc":{"start":{"line":19,"column":8},"end":{"line":23,"column":9}},"type":"if","locations":[{"start":{"line":19,"column":8},"end":{"line":23,"column":9}},{"start":{"line":19,"column":8},"end":{"line":23,"column":9}}],"line":19},"1":{"loc":{"start":{"line":35,"column":8},"end":{"line":63,"column":9}},"type":"if","locations":[{"start":{"line":35,"column":8},"end":{"line":63,"column":9}},{"start":{"line":35,"column":8},"end":{"line":63,"column":9}}],"line":35},"2":{"loc":{"start":{"line":35,"column":12},"end":{"line":35,"column":83}},"type":"binary-expr","locations":[{"start":{"line":35,"column":12},"end":{"line":35,"column":40}},{"start":{"line":35,"column":44},"end":{"line":35,"column":83}}],"line":35},"3":{"loc":{"start":{"line":40,"column":12},"end":{"line":60,"column":13}},"type":"if","locations":[{"start":{"line":40,"column":12},"end":{"line":60,"column":13}},{"start":{"line":40,"column":12},"end":{"line":60,"column":13}}],"line":40},"4":{"loc":{"start":{"line":42,"column":19},"end":{"line":60,"column":13}},"type":"if","locations":[{"start":{"line":42,"column":19},"end":{"line":60,"column":13}},{"start":{"line":42,"column":19},"end":{"line":60,"column":13}}],"line":42},"5":{"loc":{"start":{"line":44,"column":16},"end":{"line":59,"column":17}},"type":"if","locations":[{"start":{"line":44,"column":16},"end":{"line":59,"column":17}},{"start":{"line":44,"column":16},"end":{"line":59,"column":17}}],"line":44},"6":{"loc":{"start":{"line":45,"column":20},"end":{"line":49,"column":21}},"type":"if","locations":[{"start":{"line":45,"column":20},"end":{"line":49,"column":21}},{"start":{"line":45,"column":20},"end":{"line":49,"column":21}}],"line":45},"7":{"loc":{"start":{"line":51,"column":20},"end":{"line":58,"column":112}},"type":"if","locations":[{"start":{"line":51,"column":20},"end":{"line":58,"column":112}},{"start":{"line":51,"column":20},"end":{"line":58,"column":112}}],"line":51},"8":{"loc":{"start":{"line":52,"column":24},"end":{"line":56,"column":25}},"type":"if","locations":[{"start":{"line":52,"column":24},"end":{"line":56,"column":25}},{"start":{"line":52,"column":24},"end":{"line":56,"column":25}}],"line":52},"9":{"loc":{"start":{"line":55,"column":35},"end":{"line":55,"column":71}},"type":"binary-expr","locations":[{"start":{"line":55,"column":35},"end":{"line":55,"column":53}},{"start":{"line":55,"column":57},"end":{"line":55,"column":71}}],"line":55}},"s":{"0":4,"1":245,"2":245,"3":140,"4":653,"5":653,"6":206,"7":206,"8":0,"9":327,"10":327,"11":327,"12":327,"13":256,"14":122,"15":134,"16":134,"17":134,"18":189,"19":134,"20":110,"21":24,"22":24,"23":24,"24":23,"25":18,"26":18,"27":5,"28":1,"29":1,"30":1,"31":1,"32":0,"33":0,"34":0,"35":8,"36":8,"37":8,"38":1,"39":4},"f":{"0":245,"1":140,"2":653,"3":206,"4":327,"5":256,"6":189,"7":18,"8":1,"9":8,"10":1},"b":{"0":[206,0],"1":[122,134],"2":[256,235],"3":[110,24],"4":[24,0],"5":[23,1],"6":[18,5],"7":[1,0],"8":[1,0],"9":[0,0]},"_coverageSchema":"1a1c01bbd47fc00a2c39e90264f33305004495a9","hash":"a87cbdb284950babca18a16a9ca62095ebaa804f"}
,"E:\\DocumentosHDD\\GitHub\\p5-t1-egg-0-miguelbravo7\\lib\\eggvm.js": {"path":"E:\\DocumentosHDD\\GitHub\\p5-t1-egg-0-miguelbravo7\\lib\\eggvm.js","statementMap":{"0":{"start":{"line":1,"column":11},"end":{"line":1,"column":24}},"1":{"start":{"line":3,"column":15},"end":{"line":3,"column":37}},"2":{"start":{"line":4,"column":21},"end":{"line":4,"column":49}},"3":{"start":{"line":6,"column":21},"end":{"line":6,"column":45}},"4":{"start":{"line":7,"column":0},"end":{"line":7,"column":25}},"5":{"start":{"line":10,"column":12},"end":{"line":10,"column":33}},"6":{"start":{"line":11,"column":13},"end":{"line":11,"column":49}},"7":{"start":{"line":12,"column":2},"end":{"line":12,"column":34}},"8":{"start":{"line":13,"column":2},"end":{"line":13,"column":34}},"9":{"start":{"line":17,"column":2},"end":{"line":23,"column":3}},"10":{"start":{"line":18,"column":18},"end":{"line":18,"column":51}},"11":{"start":{"line":19,"column":4},"end":{"line":19,"column":30}},"12":{"start":{"line":22,"column":4},"end":{"line":22,"column":27}},"13":{"start":{"line":27,"column":2},"end":{"line":35,"column":3}},"14":{"start":{"line":28,"column":15},"end":{"line":28,"column":48}},"15":{"start":{"line":29,"column":15},"end":{"line":29,"column":50}},"16":{"start":{"line":30,"column":14},"end":{"line":30,"column":35}},"17":{"start":{"line":31,"column":4},"end":{"line":31,"column":36}},"18":{"start":{"line":34,"column":4},"end":{"line":34,"column":27}},"19":{"start":{"line":38,"column":0},"end":{"line":44,"column":2}}},"fnMap":{"0":{"name":"run","decl":{"start":{"line":9,"column":15},"end":{"line":9,"column":18}},"loc":{"start":{"line":9,"column":28},"end":{"line":14,"column":1}},"line":9},"1":{"name":"runFromFile","decl":{"start":{"line":16,"column":15},"end":{"line":16,"column":26}},"loc":{"start":{"line":16,"column":37},"end":{"line":24,"column":1}},"line":16},"2":{"name":"runFromEVM","decl":{"start":{"line":26,"column":15},"end":{"line":26,"column":25}},"loc":{"start":{"line":26,"column":36},"end":{"line":36,"column":1}},"line":26}},"branchMap":{},"s":{"0":4,"1":4,"2":4,"3":4,"4":4,"5":19,"6":19,"7":19,"8":19,"9":16,"10":16,"11":16,"12":0,"13":2,"14":2,"15":2,"16":2,"17":2,"18":0,"19":4},"f":{"0":19,"1":16,"2":2},"b":{},"_coverageSchema":"1a1c01bbd47fc00a2c39e90264f33305004495a9","hash":"04d867f7e3430671912476cddebcd9c3d742e179"}
,"E:\\DocumentosHDD\\GitHub\\p5-t1-egg-0-miguelbravo7\\lib\\json2AST.js": {"path":"E:\\DocumentosHDD\\GitHub\\p5-t1-egg-0-miguelbravo7\\lib\\json2AST.js","statementMap":{"0":{"start":{"line":1,"column":38},"end":{"line":1,"column":57}},"1":{"start":{"line":2,"column":21},"end":{"line":2,"column":45}},"2":{"start":{"line":4,"column":0},"end":{"line":9,"column":2}},"3":{"start":{"line":5,"column":14},"end":{"line":5,"column":29}},"4":{"start":{"line":6,"column":4},"end":{"line":6,"column":52}},"5":{"start":{"line":7,"column":4},"end":{"line":7,"column":60}},"6":{"start":{"line":7,"column":36},"end":{"line":7,"column":58}},"7":{"start":{"line":8,"column":4},"end":{"line":8,"column":15}},"8":{"start":{"line":11,"column":0},"end":{"line":15,"column":2}},"9":{"start":{"line":12,"column":14},"end":{"line":12,"column":28}},"10":{"start":{"line":13,"column":4},"end":{"line":13,"column":25}},"11":{"start":{"line":14,"column":4},"end":{"line":14,"column":15}},"12":{"start":{"line":17,"column":0},"end":{"line":17,"column":51}},"13":{"start":{"line":17,"column":35},"end":{"line":17,"column":50}},"14":{"start":{"line":19,"column":0},"end":{"line":19,"column":51}},"15":{"start":{"line":19,"column":35},"end":{"line":19,"column":50}}},"fnMap":{"0":{"name":"(anonymous_0)","decl":{"start":{"line":4,"column":27},"end":{"line":4,"column":28}},"loc":{"start":{"line":4,"column":35},"end":{"line":9,"column":1}},"line":4},"1":{"name":"(anonymous_1)","decl":{"start":{"line":7,"column":29},"end":{"line":7,"column":30}},"loc":{"start":{"line":7,"column":36},"end":{"line":7,"column":58}},"line":7},"2":{"name":"(anonymous_2)","decl":{"start":{"line":11,"column":26},"end":{"line":11,"column":27}},"loc":{"start":{"line":11,"column":34},"end":{"line":15,"column":1}},"line":11},"3":{"name":"(anonymous_3)","decl":{"start":{"line":17,"column":27},"end":{"line":17,"column":28}},"loc":{"start":{"line":17,"column":35},"end":{"line":17,"column":50}},"line":17},"4":{"name":"(anonymous_4)","decl":{"start":{"line":19,"column":27},"end":{"line":19,"column":28}},"loc":{"start":{"line":19,"column":35},"end":{"line":19,"column":50}},"line":19}},"branchMap":{},"s":{"0":4,"1":4,"2":4,"3":112,"4":112,"5":112,"6":170,"7":112,"8":4,"9":336,"10":336,"11":336,"12":4,"13":112,"14":4,"15":8},"f":{"0":112,"1":170,"2":336,"3":112,"4":8},"b":{},"_coverageSchema":"1a1c01bbd47fc00a2c39e90264f33305004495a9","hash":"35dee59f9ebec0e264da8101f80a42e696c01d46"}
,"E:\\DocumentosHDD\\GitHub\\p5-t1-egg-0-miguelbravo7\\lib\\monkey-patching.js": {"path":"E:\\DocumentosHDD\\GitHub\\p5-t1-egg-0-miguelbravo7\\lib\\monkey-patching.js","statementMap":{"0":{"start":{"line":1,"column":22},"end":{"line":9,"column":1}},"1":{"start":{"line":2,"column":4},"end":{"line":4,"column":5}},"2":{"start":{"line":3,"column":8},"end":{"line":3,"column":74}},"3":{"start":{"line":6,"column":4},"end":{"line":8,"column":5}},"4":{"start":{"line":7,"column":8},"end":{"line":7,"column":73}},"5":{"start":{"line":11,"column":22},"end":{"line":21,"column":1}},"6":{"start":{"line":12,"column":4},"end":{"line":14,"column":5}},"7":{"start":{"line":13,"column":8},"end":{"line":13,"column":31}},"8":{"start":{"line":16,"column":4},"end":{"line":18,"column":5}},"9":{"start":{"line":17,"column":8},"end":{"line":17,"column":87}},"10":{"start":{"line":20,"column":4},"end":{"line":20,"column":17}},"11":{"start":{"line":23,"column":0},"end":{"line":41,"column":2}},"12":{"start":{"line":24,"column":4},"end":{"line":24,"column":40}},"13":{"start":{"line":25,"column":16},"end":{"line":25,"column":26}},"14":{"start":{"line":26,"column":4},"end":{"line":28,"column":5}},"15":{"start":{"line":27,"column":8},"end":{"line":27,"column":55}},"16":{"start":{"line":30,"column":4},"end":{"line":34,"column":5}},"17":{"start":{"line":31,"column":8},"end":{"line":31,"column":47}},"18":{"start":{"line":33,"column":8},"end":{"line":33,"column":28}},"19":{"start":{"line":36,"column":4},"end":{"line":40,"column":5}},"20":{"start":{"line":37,"column":8},"end":{"line":37,"column":21}},"21":{"start":{"line":39,"column":8},"end":{"line":39,"column":46}},"22":{"start":{"line":43,"column":0},"end":{"line":63,"column":2}},"23":{"start":{"line":44,"column":4},"end":{"line":46,"column":5}},"24":{"start":{"line":45,"column":8},"end":{"line":45,"column":48}},"25":{"start":{"line":47,"column":4},"end":{"line":47,"column":40}},"26":{"start":{"line":48,"column":16},"end":{"line":48,"column":26}},"27":{"start":{"line":49,"column":4},"end":{"line":51,"column":5}},"28":{"start":{"line":50,"column":8},"end":{"line":50,"column":55}},"29":{"start":{"line":52,"column":4},"end":{"line":59,"column":5}},"30":{"start":{"line":53,"column":8},"end":{"line":57,"column":9}},"31":{"start":{"line":54,"column":12},"end":{"line":54,"column":35}},"32":{"start":{"line":56,"column":12},"end":{"line":56,"column":32}},"33":{"start":{"line":58,"column":8},"end":{"line":58,"column":21}},"34":{"start":{"line":61,"column":16},"end":{"line":61,"column":31}},"35":{"start":{"line":62,"column":4},"end":{"line":62,"column":48}},"36":{"start":{"line":65,"column":0},"end":{"line":67,"column":2}},"37":{"start":{"line":66,"column":4},"end":{"line":66,"column":26}}},"fnMap":{"0":{"name":"(anonymous_0)","decl":{"start":{"line":1,"column":22},"end":{"line":1,"column":23}},"loc":{"start":{"line":1,"column":42},"end":{"line":9,"column":1}},"line":1},"1":{"name":"(anonymous_1)","decl":{"start":{"line":11,"column":22},"end":{"line":11,"column":23}},"loc":{"start":{"line":11,"column":41},"end":{"line":21,"column":1}},"line":11},"2":{"name":"(anonymous_2)","decl":{"start":{"line":23,"column":23},"end":{"line":23,"column":24}},"loc":{"start":{"line":23,"column":45},"end":{"line":41,"column":1}},"line":23},"3":{"name":"(anonymous_3)","decl":{"start":{"line":43,"column":24},"end":{"line":43,"column":25}},"loc":{"start":{"line":43,"column":53},"end":{"line":63,"column":1}},"line":43},"4":{"name":"(anonymous_4)","decl":{"start":{"line":65,"column":28},"end":{"line":65,"column":29}},"loc":{"start":{"line":65,"column":40},"end":{"line":67,"column":1}},"line":65}},"branchMap":{"0":{"loc":{"start":{"line":2,"column":4},"end":{"line":4,"column":5}},"type":"if","locations":[{"start":{"line":2,"column":4},"end":{"line":4,"column":5}},{"start":{"line":2,"column":4},"end":{"line":4,"column":5}}],"line":2},"1":{"loc":{"start":{"line":6,"column":4},"end":{"line":8,"column":5}},"type":"if","locations":[{"start":{"line":6,"column":4},"end":{"line":8,"column":5}},{"start":{"line":6,"column":4},"end":{"line":8,"column":5}}],"line":6},"2":{"loc":{"start":{"line":6,"column":8},"end":{"line":6,"column":60}},"type":"binary-expr","locations":[{"start":{"line":6,"column":8},"end":{"line":6,"column":32}},{"start":{"line":6,"column":36},"end":{"line":6,"column":60}}],"line":6},"3":{"loc":{"start":{"line":12,"column":4},"end":{"line":14,"column":5}},"type":"if","locations":[{"start":{"line":12,"column":4},"end":{"line":14,"column":5}},{"start":{"line":12,"column":4},"end":{"line":14,"column":5}}],"line":12},"4":{"loc":{"start":{"line":16,"column":4},"end":{"line":18,"column":5}},"type":"if","locations":[{"start":{"line":16,"column":4},"end":{"line":18,"column":5}},{"start":{"line":16,"column":4},"end":{"line":18,"column":5}}],"line":16},"5":{"loc":{"start":{"line":26,"column":4},"end":{"line":28,"column":5}},"type":"if","locations":[{"start":{"line":26,"column":4},"end":{"line":28,"column":5}},{"start":{"line":26,"column":4},"end":{"line":28,"column":5}}],"line":26},"6":{"loc":{"start":{"line":30,"column":4},"end":{"line":34,"column":5}},"type":"if","locations":[{"start":{"line":30,"column":4},"end":{"line":34,"column":5}},{"start":{"line":30,"column":4},"end":{"line":34,"column":5}}],"line":30},"7":{"loc":{"start":{"line":31,"column":16},"end":{"line":31,"column":46}},"type":"binary-expr","locations":[{"start":{"line":31,"column":16},"end":{"line":31,"column":31}},{"start":{"line":31,"column":35},"end":{"line":31,"column":46}}],"line":31},"8":{"loc":{"start":{"line":36,"column":4},"end":{"line":40,"column":5}},"type":"if","locations":[{"start":{"line":36,"column":4},"end":{"line":40,"column":5}},{"start":{"line":36,"column":4},"end":{"line":40,"column":5}}],"line":36},"9":{"loc":{"start":{"line":44,"column":4},"end":{"line":46,"column":5}},"type":"if","locations":[{"start":{"line":44,"column":4},"end":{"line":46,"column":5}},{"start":{"line":44,"column":4},"end":{"line":46,"column":5}}],"line":44},"10":{"loc":{"start":{"line":49,"column":4},"end":{"line":51,"column":5}},"type":"if","locations":[{"start":{"line":49,"column":4},"end":{"line":51,"column":5}},{"start":{"line":49,"column":4},"end":{"line":51,"column":5}}],"line":49},"11":{"loc":{"start":{"line":52,"column":4},"end":{"line":59,"column":5}},"type":"if","locations":[{"start":{"line":52,"column":4},"end":{"line":59,"column":5}},{"start":{"line":52,"column":4},"end":{"line":59,"column":5}}],"line":52},"12":{"loc":{"start":{"line":53,"column":8},"end":{"line":57,"column":9}},"type":"if","locations":[{"start":{"line":53,"column":8},"end":{"line":57,"column":9}},{"start":{"line":53,"column":8},"end":{"line":57,"column":9}}],"line":53}},"s":{"0":2,"1":21,"2":0,"3":21,"4":0,"5":2,"6":17,"7":4,"8":17,"9":0,"10":17,"11":2,"12":18,"13":18,"14":18,"15":14,"16":18,"17":0,"18":18,"19":18,"20":13,"21":5,"22":2,"23":3,"24":0,"25":3,"26":3,"27":3,"28":3,"29":3,"30":2,"31":0,"32":2,"33":2,"34":1,"35":1,"36":2,"37":6},"f":{"0":21,"1":17,"2":18,"3":3,"4":6},"b":{"0":[0,21],"1":[0,21],"2":[21,21],"3":[4,13],"4":[0,17],"5":[14,4],"6":[0,18],"7":[0,0],"8":[13,5],"9":[0,3],"10":[3,0],"11":[2,1],"12":[0,2]},"_coverageSchema":"1a1c01bbd47fc00a2c39e90264f33305004495a9","hash":"787ca462fd0d2c3419e3835b44451dc4ed4483e8"}
,"E:\\DocumentosHDD\\GitHub\\p5-t1-egg-0-miguelbravo7\\lib\\parse.js": {"path":"E:\\DocumentosHDD\\GitHub\\p5-t1-egg-0-miguelbravo7\\lib\\parse.js","statementMap":{"0":{"start":{"line":1,"column":11},"end":{"line":1,"column":24}},"1":{"start":{"line":2,"column":15},"end":{"line":2,"column":37}},"2":{"start":{"line":3,"column":14},"end":{"line":3,"column":35}},"3":{"start":{"line":6,"column":2},"end":{"line":6,"column":37}},"4":{"start":{"line":11,"column":2},"end":{"line":16,"column":3}},"5":{"start":{"line":12,"column":4},"end":{"line":12,"column":48}},"6":{"start":{"line":14,"column":4},"end":{"line":14,"column":53}},"7":{"start":{"line":15,"column":4},"end":{"line":15,"column":14}},"8":{"start":{"line":17,"column":2},"end":{"line":17,"column":24}},"9":{"start":{"line":18,"column":2},"end":{"line":18,"column":14}},"10":{"start":{"line":22,"column":14},"end":{"line":22,"column":15}},"11":{"start":{"line":23,"column":14},"end":{"line":23,"column":29}},"12":{"start":{"line":24,"column":2},"end":{"line":32,"column":3}},"13":{"start":{"line":25,"column":4},"end":{"line":25,"column":22}},"14":{"start":{"line":25,"column":16},"end":{"line":25,"column":22}},"15":{"start":{"line":26,"column":4},"end":{"line":31,"column":5}},"16":{"start":{"line":27,"column":6},"end":{"line":27,"column":14}},"17":{"start":{"line":29,"column":9},"end":{"line":31,"column":5}},"18":{"start":{"line":30,"column":6},"end":{"line":30,"column":14}},"19":{"start":{"line":33,"column":2},"end":{"line":33,"column":15}},"20":{"start":{"line":36,"column":0},"end":{"line":40,"column":2}}},"fnMap":{"0":{"name":"parse","decl":{"start":{"line":5,"column":9},"end":{"line":5,"column":14}},"loc":{"start":{"line":5,"column":24},"end":{"line":7,"column":1}},"line":5},"1":{"name":"parseFromFile","decl":{"start":{"line":9,"column":9},"end":{"line":9,"column":22}},"loc":{"start":{"line":9,"column":33},"end":{"line":19,"column":1}},"line":9},"2":{"name":"parBalance","decl":{"start":{"line":21,"column":9},"end":{"line":21,"column":19}},"loc":{"start":{"line":21,"column":26},"end":{"line":34,"column":1}},"line":21}},"branchMap":{"0":{"loc":{"start":{"line":25,"column":4},"end":{"line":25,"column":22}},"type":"if","locations":[{"start":{"line":25,"column":4},"end":{"line":25,"column":22}},{"start":{"line":25,"column":4},"end":{"line":25,"column":22}}],"line":25},"1":{"loc":{"start":{"line":26,"column":4},"end":{"line":31,"column":5}},"type":"if","locations":[{"start":{"line":26,"column":4},"end":{"line":31,"column":5}},{"start":{"line":26,"column":4},"end":{"line":31,"column":5}}],"line":26},"2":{"loc":{"start":{"line":29,"column":9},"end":{"line":31,"column":5}},"type":"if","locations":[{"start":{"line":29,"column":9},"end":{"line":31,"column":5}},{"start":{"line":29,"column":9},"end":{"line":31,"column":5}}],"line":29}},"s":{"0":4,"1":4,"2":4,"3":21,"4":2,"5":2,"6":0,"7":0,"8":2,"9":2,"10":5,"11":5,"12":5,"13":18,"14":0,"15":18,"16":9,"17":9,"18":9,"19":5,"20":4},"f":{"0":21,"1":2,"2":5},"b":{"0":[0,18],"1":[9,9],"2":[9,0]},"_coverageSchema":"1a1c01bbd47fc00a2c39e90264f33305004495a9","hash":"3bd94f315c376ed51b85ffae4f29cb6a7925f979"}
,"E:\\DocumentosHDD\\GitHub\\p5-t1-egg-0-miguelbravo7\\lib\\registry.js": {"path":"E:\\DocumentosHDD\\GitHub\\p5-t1-egg-0-miguelbravo7\\lib\\registry.js","statementMap":{"0":{"start":{"line":3,"column":8},"end":{"line":3,"column":60}},"1":{"start":{"line":7,"column":8},"end":{"line":11,"column":9}},"2":{"start":{"line":8,"column":12},"end":{"line":8,"column":51}},"3":{"start":{"line":10,"column":12},"end":{"line":10,"column":35}},"4":{"start":{"line":15,"column":0},"end":{"line":15,"column":41}},"5":{"start":{"line":17,"column":0},"end":{"line":19,"column":2}}},"fnMap":{"0":{"name":"(anonymous_0)","decl":{"start":{"line":2,"column":4},"end":{"line":2,"column":5}},"loc":{"start":{"line":2,"column":29},"end":{"line":4,"column":5}},"line":2},"1":{"name":"(anonymous_1)","decl":{"start":{"line":6,"column":4},"end":{"line":6,"column":5}},"loc":{"start":{"line":6,"column":26},"end":{"line":12,"column":5}},"line":6}},"branchMap":{"0":{"loc":{"start":{"line":7,"column":8},"end":{"line":11,"column":9}},"type":"if","locations":[{"start":{"line":7,"column":8},"end":{"line":11,"column":9}},{"start":{"line":7,"column":8},"end":{"line":11,"column":9}}],"line":7},"1":{"loc":{"start":{"line":7,"column":12},"end":{"line":7,"column":64}},"type":"binary-expr","locations":[{"start":{"line":7,"column":12},"end":{"line":7,"column":16}},{"start":{"line":7,"column":20},"end":{"line":7,"column":29}},{"start":{"line":7,"column":33},"end":{"line":7,"column":64}}],"line":7}},"s":{"0":0,"1":284,"2":284,"3":0,"4":4,"5":4},"f":{"0":0,"1":284},"b":{"0":[284,0],"1":[284,284,284]},"_coverageSchema":"1a1c01bbd47fc00a2c39e90264f33305004495a9","hash":"695db540f1125be55293fe50cd073bae438a58b1"}
,"E:\\DocumentosHDD\\GitHub\\p5-t1-egg-0-miguelbravo7\\lib\\specialForms.js": {"path":"E:\\DocumentosHDD\\GitHub\\p5-t1-egg-0-miguelbravo7\\lib\\specialForms.js","statementMap":{"0":{"start":{"line":1,"column":21},"end":{"line":1,"column":40}},"1":{"start":{"line":3,"column":0},"end":{"line":12,"column":2}},"2":{"start":{"line":4,"column":4},"end":{"line":6,"column":5}},"3":{"start":{"line":5,"column":8},"end":{"line":5,"column":58}},"4":{"start":{"line":7,"column":4},"end":{"line":11,"column":5}},"5":{"start":{"line":8,"column":8},"end":{"line":8,"column":43}},"6":{"start":{"line":10,"column":8},"end":{"line":10,"column":43}},"7":{"start":{"line":14,"column":0},"end":{"line":22,"column":2}},"8":{"start":{"line":15,"column":4},"end":{"line":17,"column":5}},"9":{"start":{"line":16,"column":8},"end":{"line":16,"column":61}},"10":{"start":{"line":18,"column":4},"end":{"line":20,"column":5}},"11":{"start":{"line":19,"column":8},"end":{"line":19,"column":36}},"12":{"start":{"line":21,"column":4},"end":{"line":21,"column":17}},"13":{"start":{"line":24,"column":0},"end":{"line":32,"column":2}},"14":{"start":{"line":25,"column":19},"end":{"line":25,"column":37}},"15":{"start":{"line":26,"column":4},"end":{"line":26,"column":35}},"16":{"start":{"line":27,"column":4},"end":{"line":30,"column":5}},"17":{"start":{"line":28,"column":8},"end":{"line":28,"column":39}},"18":{"start":{"line":29,"column":8},"end":{"line":29,"column":39}},"19":{"start":{"line":31,"column":4},"end":{"line":31,"column":17}},"20":{"start":{"line":34,"column":0},"end":{"line":42,"column":2}},"21":{"start":{"line":35,"column":21},"end":{"line":35,"column":39}},"22":{"start":{"line":36,"column":21},"end":{"line":36,"column":53}},"23":{"start":{"line":37,"column":4},"end":{"line":40,"column":5}},"24":{"start":{"line":38,"column":8},"end":{"line":38,"column":37}},"25":{"start":{"line":39,"column":8},"end":{"line":39,"column":41}},"26":{"start":{"line":41,"column":4},"end":{"line":41,"column":17}},"27":{"start":{"line":44,"column":0},"end":{"line":46,"column":2}},"28":{"start":{"line":45,"column":4},"end":{"line":45,"column":77}},"29":{"start":{"line":45,"column":51},"end":{"line":45,"column":74}},"30":{"start":{"line":48,"column":0},"end":{"line":58,"column":2}},"31":{"start":{"line":49,"column":16},"end":{"line":49,"column":18}},"32":{"start":{"line":50,"column":19},"end":{"line":50,"column":37}},"33":{"start":{"line":51,"column":4},"end":{"line":51,"column":25}},"34":{"start":{"line":52,"column":4},"end":{"line":56,"column":5}},"35":{"start":{"line":52,"column":17},"end":{"line":52,"column":18}},"36":{"start":{"line":53,"column":21},"end":{"line":53,"column":51}},"37":{"start":{"line":54,"column":22},"end":{"line":54,"column":56}},"38":{"start":{"line":55,"column":8},"end":{"line":55,"column":26}},"39":{"start":{"line":57,"column":4},"end":{"line":57,"column":15}},"40":{"start":{"line":60,"column":0},"end":{"line":66,"column":2}},"41":{"start":{"line":61,"column":16},"end":{"line":61,"column":21}},"42":{"start":{"line":62,"column":4},"end":{"line":64,"column":5}},"43":{"start":{"line":63,"column":8},"end":{"line":63,"column":40}},"44":{"start":{"line":65,"column":4},"end":{"line":65,"column":17}},"45":{"start":{"line":69,"column":0},"end":{"line":71,"column":2}},"46":{"start":{"line":70,"column":4},"end":{"line":70,"column":123}},"47":{"start":{"line":70,"column":58},"end":{"line":70,"column":81}},"48":{"start":{"line":70,"column":97},"end":{"line":70,"column":121}},"49":{"start":{"line":73,"column":0},"end":{"line":80,"column":2}},"50":{"start":{"line":74,"column":4},"end":{"line":76,"column":5}},"51":{"start":{"line":75,"column":8},"end":{"line":75,"column":51}},"52":{"start":{"line":77,"column":16},"end":{"line":77,"column":43}},"53":{"start":{"line":78,"column":4},"end":{"line":78,"column":30}},"54":{"start":{"line":79,"column":4},"end":{"line":79,"column":17}},"55":{"start":{"line":82,"column":25},"end":{"line":91,"column":1}},"56":{"start":{"line":83,"column":4},"end":{"line":89,"column":5}},"57":{"start":{"line":84,"column":8},"end":{"line":84,"column":31}},"58":{"start":{"line":85,"column":8},"end":{"line":85,"column":19}},"59":{"start":{"line":86,"column":11},"end":{"line":89,"column":5}},"60":{"start":{"line":87,"column":8},"end":{"line":87,"column":26}},"61":{"start":{"line":88,"column":8},"end":{"line":88,"column":19}},"62":{"start":{"line":90,"column":4},"end":{"line":90,"column":93}},"63":{"start":{"line":93,"column":0},"end":{"line":130,"column":2}},"64":{"start":{"line":94,"column":4},"end":{"line":96,"column":5}},"65":{"start":{"line":95,"column":8},"end":{"line":95,"column":56}},"66":{"start":{"line":97,"column":40},"end":{"line":97,"column":107}},"67":{"start":{"line":98,"column":15},"end":{"line":98,"column":36}},"68":{"start":{"line":101,"column":24},"end":{"line":101,"column":87}},"69":{"start":{"line":102,"column":8},"end":{"line":104,"column":9}},"70":{"start":{"line":103,"column":12},"end":{"line":103,"column":78}},"71":{"start":{"line":105,"column":23},"end":{"line":105,"column":51}},"72":{"start":{"line":106,"column":8},"end":{"line":108,"column":9}},"73":{"start":{"line":106,"column":21},"end":{"line":106,"column":22}},"74":{"start":{"line":107,"column":12},"end":{"line":107,"column":69}},"75":{"start":{"line":109,"column":8},"end":{"line":123,"column":9}},"76":{"start":{"line":110,"column":33},"end":{"line":110,"column":90}},"77":{"start":{"line":111,"column":12},"end":{"line":114,"column":13}},"78":{"start":{"line":111,"column":25},"end":{"line":111,"column":26}},"79":{"start":{"line":112,"column":16},"end":{"line":112,"column":61}},"80":{"start":{"line":113,"column":16},"end":{"line":113,"column":60}},"81":{"start":{"line":115,"column":12},"end":{"line":115,"column":49}},"82":{"start":{"line":118,"column":12},"end":{"line":122,"column":15}},"83":{"start":{"line":125,"column":4},"end":{"line":129,"column":7}},"84":{"start":{"line":132,"column":0},"end":{"line":147,"column":2}},"85":{"start":{"line":133,"column":21},"end":{"line":133,"column":33}},"86":{"start":{"line":134,"column":16},"end":{"line":134,"column":43}},"87":{"start":{"line":135,"column":4},"end":{"line":144,"column":5}},"88":{"start":{"line":136,"column":8},"end":{"line":136,"column":37}},"89":{"start":{"line":137,"column":8},"end":{"line":137,"column":42}},"90":{"start":{"line":139,"column":8},"end":{"line":143,"column":9}},"91":{"start":{"line":140,"column":12},"end":{"line":140,"column":60}},"92":{"start":{"line":142,"column":12},"end":{"line":142,"column":50}},"93":{"start":{"line":145,"column":4},"end":{"line":145,"column":22}},"94":{"start":{"line":146,"column":4},"end":{"line":146,"column":17}},"95":{"start":{"line":149,"column":0},"end":{"line":158,"column":2}},"96":{"start":{"line":150,"column":21},"end":{"line":150,"column":33}},"97":{"start":{"line":151,"column":16},"end":{"line":151,"column":59}},"98":{"start":{"line":152,"column":4},"end":{"line":152,"column":28}},"99":{"start":{"line":153,"column":4},"end":{"line":155,"column":5}},"100":{"start":{"line":154,"column":8},"end":{"line":154,"column":24}},"101":{"start":{"line":156,"column":4},"end":{"line":156,"column":22}},"102":{"start":{"line":157,"column":4},"end":{"line":157,"column":17}},"103":{"start":{"line":160,"column":0},"end":{"line":204,"column":3}},"104":{"start":{"line":177,"column":4},"end":{"line":203,"column":6}},"105":{"start":{"line":178,"column":8},"end":{"line":180,"column":9}},"106":{"start":{"line":179,"column":12},"end":{"line":179,"column":52}},"107":{"start":{"line":181,"column":22},"end":{"line":181,"column":34}},"108":{"start":{"line":182,"column":20},"end":{"line":182,"column":61}},"109":{"start":{"line":183,"column":22},"end":{"line":183,"column":100}},"110":{"start":{"line":183,"column":75},"end":{"line":183,"column":98}},"111":{"start":{"line":185,"column":8},"end":{"line":201,"column":9}},"112":{"start":{"line":185,"column":25},"end":{"line":185,"column":28}},"113":{"start":{"line":186,"column":12},"end":{"line":200,"column":13}},"114":{"start":{"line":187,"column":16},"end":{"line":198,"column":17}},"115":{"start":{"line":188,"column":20},"end":{"line":188,"column":43}},"116":{"start":{"line":190,"column":30},"end":{"line":190,"column":44}},"117":{"start":{"line":191,"column":20},"end":{"line":193,"column":21}},"118":{"start":{"line":192,"column":24},"end":{"line":192,"column":46}},"119":{"start":{"line":194,"column":20},"end":{"line":196,"column":21}},"120":{"start":{"line":195,"column":24},"end":{"line":195,"column":112}},"121":{"start":{"line":197,"column":20},"end":{"line":197,"column":61}},"122":{"start":{"line":199,"column":16},"end":{"line":199,"column":29}},"123":{"start":{"line":202,"column":8},"end":{"line":202,"column":84}},"124":{"start":{"line":206,"column":0},"end":{"line":206,"column":37}},"125":{"start":{"line":208,"column":0},"end":{"line":216,"column":3}},"126":{"start":{"line":212,"column":4},"end":{"line":215,"column":6}},"127":{"start":{"line":213,"column":20},"end":{"line":213,"column":47}},"128":{"start":{"line":214,"column":8},"end":{"line":214,"column":71}},"129":{"start":{"line":219,"column":28},"end":{"line":219,"column":30}},"130":{"start":{"line":220,"column":4},"end":{"line":223,"column":5}},"131":{"start":{"line":221,"column":8},"end":{"line":221,"column":55}},"132":{"start":{"line":222,"column":8},"end":{"line":222,"column":37}},"133":{"start":{"line":224,"column":4},"end":{"line":224,"column":29}},"134":{"start":{"line":227,"column":0},"end":{"line":238,"column":2}},"135":{"start":{"line":228,"column":17},"end":{"line":228,"column":44}},"136":{"start":{"line":229,"column":31},"end":{"line":229,"column":52}},"137":{"start":{"line":230,"column":14},"end":{"line":230,"column":27}},"138":{"start":{"line":231,"column":4},"end":{"line":231,"column":35}},"139":{"start":{"line":232,"column":4},"end":{"line":232,"column":22}},"140":{"start":{"line":233,"column":4},"end":{"line":233,"column":50}},"141":{"start":{"line":234,"column":4},"end":{"line":234,"column":28}},"142":{"start":{"line":236,"column":4},"end":{"line":236,"column":56}},"143":{"start":{"line":237,"column":4},"end":{"line":237,"column":15}},"144":{"start":{"line":240,"column":0},"end":{"line":240,"column":30}}},"fnMap":{"0":{"name":"(anonymous_0)","decl":{"start":{"line":3,"column":18},"end":{"line":3,"column":19}},"loc":{"start":{"line":3,"column":45},"end":{"line":12,"column":1}},"line":3},"1":{"name":"(anonymous_1)","decl":{"start":{"line":14,"column":21},"end":{"line":14,"column":22}},"loc":{"start":{"line":14,"column":48},"end":{"line":22,"column":1}},"line":14},"2":{"name":"(anonymous_2)","decl":{"start":{"line":24,"column":19},"end":{"line":24,"column":20}},"loc":{"start":{"line":24,"column":46},"end":{"line":32,"column":1}},"line":24},"3":{"name":"(anonymous_3)","decl":{"start":{"line":34,"column":23},"end":{"line":34,"column":24}},"loc":{"start":{"line":34,"column":50},"end":{"line":42,"column":1}},"line":34},"4":{"name":"(anonymous_4)","decl":{"start":{"line":44,"column":40},"end":{"line":44,"column":41}},"loc":{"start":{"line":44,"column":67},"end":{"line":46,"column":1}},"line":44},"5":{"name":"(anonymous_5)","decl":{"start":{"line":45,"column":38},"end":{"line":45,"column":39}},"loc":{"start":{"line":45,"column":51},"end":{"line":45,"column":74}},"line":45},"6":{"name":"(anonymous_6)","decl":{"start":{"line":48,"column":22},"end":{"line":48,"column":23}},"loc":{"start":{"line":48,"column":49},"end":{"line":58,"column":1}},"line":48},"7":{"name":"(anonymous_7)","decl":{"start":{"line":60,"column":39},"end":{"line":60,"column":40}},"loc":{"start":{"line":60,"column":66},"end":{"line":66,"column":1}},"line":60},"8":{"name":"(anonymous_8)","decl":{"start":{"line":69,"column":24},"end":{"line":69,"column":25}},"loc":{"start":{"line":69,"column":51},"end":{"line":71,"column":1}},"line":69},"9":{"name":"(anonymous_9)","decl":{"start":{"line":70,"column":45},"end":{"line":70,"column":46}},"loc":{"start":{"line":70,"column":58},"end":{"line":70,"column":81}},"line":70},"10":{"name":"(anonymous_10)","decl":{"start":{"line":70,"column":90},"end":{"line":70,"column":91}},"loc":{"start":{"line":70,"column":97},"end":{"line":70,"column":121}},"line":70},"11":{"name":"(anonymous_11)","decl":{"start":{"line":73,"column":62},"end":{"line":73,"column":63}},"loc":{"start":{"line":73,"column":89},"end":{"line":80,"column":1}},"line":73},"12":{"name":"(anonymous_12)","decl":{"start":{"line":82,"column":25},"end":{"line":82,"column":26}},"loc":{"start":{"line":82,"column":40},"end":{"line":91,"column":1}},"line":82},"13":{"name":"(anonymous_13)","decl":{"start":{"line":93,"column":40},"end":{"line":93,"column":41}},"loc":{"start":{"line":93,"column":67},"end":{"line":130,"column":1}},"line":93},"14":{"name":"curryFunction","decl":{"start":{"line":100,"column":19},"end":{"line":100,"column":32}},"loc":{"start":{"line":100,"column":35},"end":{"line":124,"column":5}},"line":100},"15":{"name":"(anonymous_15)","decl":{"start":{"line":132,"column":22},"end":{"line":132,"column":23}},"loc":{"start":{"line":132,"column":49},"end":{"line":147,"column":1}},"line":132},"16":{"name":"(anonymous_16)","decl":{"start":{"line":149,"column":26},"end":{"line":149,"column":27}},"loc":{"start":{"line":149,"column":53},"end":{"line":158,"column":1}},"line":149},"17":{"name":"(anonymous_17)","decl":{"start":{"line":176,"column":10},"end":{"line":176,"column":11}},"loc":{"start":{"line":176,"column":16},"end":{"line":204,"column":1}},"line":176},"18":{"name":"(anonymous_18)","decl":{"start":{"line":177,"column":29},"end":{"line":177,"column":30}},"loc":{"start":{"line":177,"column":56},"end":{"line":203,"column":5}},"line":177},"19":{"name":"(anonymous_19)","decl":{"start":{"line":183,"column":62},"end":{"line":183,"column":63}},"loc":{"start":{"line":183,"column":75},"end":{"line":183,"column":98}},"line":183},"20":{"name":"(anonymous_20)","decl":{"start":{"line":211,"column":10},"end":{"line":211,"column":11}},"loc":{"start":{"line":211,"column":16},"end":{"line":216,"column":1}},"line":211},"21":{"name":"(anonymous_21)","decl":{"start":{"line":212,"column":23},"end":{"line":212,"column":24}},"loc":{"start":{"line":212,"column":50},"end":{"line":215,"column":5}},"line":212},"22":{"name":"unpatchObject","decl":{"start":{"line":218,"column":9},"end":{"line":218,"column":22}},"loc":{"start":{"line":218,"column":28},"end":{"line":225,"column":1}},"line":218},"23":{"name":"(anonymous_23)","decl":{"start":{"line":227,"column":19},"end":{"line":227,"column":20}},"loc":{"start":{"line":227,"column":46},"end":{"line":238,"column":1}},"line":227}},"branchMap":{"0":{"loc":{"start":{"line":4,"column":4},"end":{"line":6,"column":5}},"type":"if","locations":[{"start":{"line":4,"column":4},"end":{"line":6,"column":5}},{"start":{"line":4,"column":4},"end":{"line":6,"column":5}}],"line":4},"1":{"loc":{"start":{"line":7,"column":4},"end":{"line":11,"column":5}},"type":"if","locations":[{"start":{"line":7,"column":4},"end":{"line":11,"column":5}},{"start":{"line":7,"column":4},"end":{"line":11,"column":5}}],"line":7},"2":{"loc":{"start":{"line":15,"column":4},"end":{"line":17,"column":5}},"type":"if","locations":[{"start":{"line":15,"column":4},"end":{"line":17,"column":5}},{"start":{"line":15,"column":4},"end":{"line":17,"column":5}}],"line":15},"3":{"loc":{"start":{"line":74,"column":4},"end":{"line":76,"column":5}},"type":"if","locations":[{"start":{"line":74,"column":4},"end":{"line":76,"column":5}},{"start":{"line":74,"column":4},"end":{"line":76,"column":5}}],"line":74},"4":{"loc":{"start":{"line":74,"column":8},"end":{"line":74,"column":50}},"type":"binary-expr","locations":[{"start":{"line":74,"column":8},"end":{"line":74,"column":24}},{"start":{"line":74,"column":28},"end":{"line":74,"column":50}}],"line":74},"5":{"loc":{"start":{"line":83,"column":4},"end":{"line":89,"column":5}},"type":"if","locations":[{"start":{"line":83,"column":4},"end":{"line":89,"column":5}},{"start":{"line":83,"column":4},"end":{"line":89,"column":5}}],"line":83},"6":{"loc":{"start":{"line":86,"column":11},"end":{"line":89,"column":5}},"type":"if","locations":[{"start":{"line":86,"column":11},"end":{"line":89,"column":5}},{"start":{"line":86,"column":11},"end":{"line":89,"column":5}}],"line":86},"7":{"loc":{"start":{"line":94,"column":4},"end":{"line":96,"column":5}},"type":"if","locations":[{"start":{"line":94,"column":4},"end":{"line":96,"column":5}},{"start":{"line":94,"column":4},"end":{"line":96,"column":5}}],"line":94},"8":{"loc":{"start":{"line":102,"column":8},"end":{"line":104,"column":9}},"type":"if","locations":[{"start":{"line":102,"column":8},"end":{"line":104,"column":9}},{"start":{"line":102,"column":8},"end":{"line":104,"column":9}}],"line":102},"9":{"loc":{"start":{"line":102,"column":12},"end":{"line":102,"column":72}},"type":"binary-expr","locations":[{"start":{"line":102,"column":12},"end":{"line":102,"column":41}},{"start":{"line":102,"column":45},"end":{"line":102,"column":72}}],"line":102},"10":{"loc":{"start":{"line":109,"column":8},"end":{"line":123,"column":9}},"type":"if","locations":[{"start":{"line":109,"column":8},"end":{"line":123,"column":9}},{"start":{"line":109,"column":8},"end":{"line":123,"column":9}}],"line":109},"11":{"loc":{"start":{"line":135,"column":4},"end":{"line":144,"column":5}},"type":"if","locations":[{"start":{"line":135,"column":4},"end":{"line":144,"column":5}},{"start":{"line":135,"column":4},"end":{"line":144,"column":5}}],"line":135},"12":{"loc":{"start":{"line":139,"column":8},"end":{"line":143,"column":9}},"type":"if","locations":[{"start":{"line":139,"column":8},"end":{"line":143,"column":9}},{"start":{"line":139,"column":8},"end":{"line":143,"column":9}}],"line":139},"13":{"loc":{"start":{"line":151,"column":23},"end":{"line":151,"column":44}},"type":"binary-expr","locations":[{"start":{"line":151,"column":23},"end":{"line":151,"column":33}},{"start":{"line":151,"column":37},"end":{"line":151,"column":44}}],"line":151},"14":{"loc":{"start":{"line":153,"column":4},"end":{"line":155,"column":5}},"type":"if","locations":[{"start":{"line":153,"column":4},"end":{"line":155,"column":5}},{"start":{"line":153,"column":4},"end":{"line":155,"column":5}}],"line":153},"15":{"loc":{"start":{"line":178,"column":8},"end":{"line":180,"column":9}},"type":"if","locations":[{"start":{"line":178,"column":8},"end":{"line":180,"column":9}},{"start":{"line":178,"column":8},"end":{"line":180,"column":9}}],"line":178},"16":{"loc":{"start":{"line":186,"column":12},"end":{"line":200,"column":13}},"type":"if","locations":[{"start":{"line":186,"column":12},"end":{"line":200,"column":13}},{"start":{"line":186,"column":12},"end":{"line":200,"column":13}}],"line":186},"17":{"loc":{"start":{"line":187,"column":16},"end":{"line":198,"column":17}},"type":"if","locations":[{"start":{"line":187,"column":16},"end":{"line":198,"column":17}},{"start":{"line":187,"column":16},"end":{"line":198,"column":17}}],"line":187},"18":{"loc":{"start":{"line":194,"column":20},"end":{"line":196,"column":21}},"type":"if","locations":[{"start":{"line":194,"column":20},"end":{"line":196,"column":21}},{"start":{"line":194,"column":20},"end":{"line":196,"column":21}}],"line":194}},"s":{"0":4,"1":4,"2":0,"3":0,"4":0,"5":0,"6":0,"7":4,"8":0,"9":0,"10":0,"11":0,"12":0,"13":4,"14":1,"15":1,"16":1,"17":5,"18":5,"19":1,"20":4,"21":2,"22":2,"23":2,"24":6,"25":6,"26":2,"27":4,"28":16,"29":34,"30":4,"31":2,"32":2,"33":2,"34":2,"35":2,"36":8,"37":8,"38":8,"39":2,"40":4,"41":31,"42":31,"43":97,"44":31,"45":4,"46":0,"47":0,"48":0,"49":4,"50":35,"51":0,"52":35,"53":35,"54":35,"55":4,"56":14,"57":12,"58":12,"59":2,"60":2,"61":2,"62":0,"63":4,"64":13,"65":0,"66":13,"67":13,"68":24,"69":24,"70":0,"71":24,"72":24,"73":24,"74":25,"75":24,"76":21,"77":21,"78":21,"79":8,"80":8,"81":21,"82":3,"83":13,"84":4,"85":5,"86":5,"87":5,"88":4,"89":4,"90":1,"91":1,"92":0,"93":5,"94":5,"95":4,"96":4,"97":4,"98":4,"99":4,"100":2,"101":4,"102":4,"103":4,"104":56,"105":8,"106":0,"107":8,"108":8,"109":8,"110":6,"111":8,"112":8,"113":19,"114":7,"115":2,"116":5,"117":5,"118":1,"119":5,"120":0,"121":5,"122":7,"123":1,"124":4,"125":4,"126":8,"127":5,"128":5,"129":0,"130":0,"131":0,"132":0,"133":0,"134":4,"135":0,"136":0,"137":0,"138":0,"139":0,"140":0,"141":0,"142":0,"143":0,"144":4},"f":{"0":0,"1":0,"2":1,"3":2,"4":16,"5":34,"6":2,"7":31,"8":0,"9":0,"10":0,"11":35,"12":14,"13":13,"14":24,"15":5,"16":4,"17":56,"18":8,"19":6,"20":8,"21":5,"22":0,"23":0},"b":{"0":[0,0],"1":[0,0],"2":[0,0],"3":[0,35],"4":[35,35],"5":[12,2],"6":[2,0],"7":[0,13],"8":[0,24],"9":[24,2],"10":[21,3],"11":[4,1],"12":[1,0],"13":[4,2],"14":[2,2],"15":[0,8],"16":[7,12],"17":[2,5],"18":[0,5]},"_coverageSchema":"1a1c01bbd47fc00a2c39e90264f33305004495a9","hash":"ee1e7148ad034226dc0f504cd310b4f52d26ee22"}
,"E:\\DocumentosHDD\\GitHub\\p5-t1-egg-0-miguelbravo7\\lib\\tokens.js": {"path":"E:\\DocumentosHDD\\GitHub\\p5-t1-egg-0-miguelbravo7\\lib\\tokens.js","statementMap":{"0":{"start":{"line":3,"column":8},"end":{"line":3,"column":25}},"1":{"start":{"line":4,"column":8},"end":{"line":4,"column":23}},"2":{"start":{"line":8,"column":8},"end":{"line":8,"column":52}},"3":{"start":{"line":14,"column":8},"end":{"line":14,"column":58}},"4":{"start":{"line":20,"column":8},"end":{"line":20,"column":64}},"5":{"start":{"line":23,"column":8},"end":{"line":23,"column":68}},"6":{"start":{"line":28,"column":8},"end":{"line":28,"column":48}},"7":{"start":{"line":31,"column":8},"end":{"line":31,"column":52}},"8":{"start":{"line":36,"column":8},"end":{"line":36,"column":60}},"9":{"start":{"line":39,"column":8},"end":{"line":39,"column":62}},"10":{"start":{"line":44,"column":8},"end":{"line":44,"column":39}},"11":{"start":{"line":49,"column":8},"end":{"line":49,"column":31}},"12":{"start":{"line":54,"column":8},"end":{"line":54,"column":36}},"13":{"start":{"line":59,"column":8},"end":{"line":59,"column":39}},"14":{"start":{"line":64,"column":8},"end":{"line":64,"column":31}},"15":{"start":{"line":69,"column":8},"end":{"line":69,"column":54}},"16":{"start":{"line":73,"column":0},"end":{"line":84,"column":2}}},"fnMap":{"0":{"name":"(anonymous_0)","decl":{"start":{"line":2,"column":4},"end":{"line":2,"column":5}},"loc":{"start":{"line":2,"column":27},"end":{"line":5,"column":5}},"line":2},"1":{"name":"(anonymous_1)","decl":{"start":{"line":7,"column":4},"end":{"line":7,"column":5}},"loc":{"start":{"line":7,"column":19},"end":{"line":9,"column":5}},"line":7},"2":{"name":"(anonymous_2)","decl":{"start":{"line":13,"column":4},"end":{"line":13,"column":5}},"loc":{"start":{"line":13,"column":18},"end":{"line":15,"column":5}},"line":13},"3":{"name":"(anonymous_3)","decl":{"start":{"line":19,"column":4},"end":{"line":19,"column":5}},"loc":{"start":{"line":19,"column":18},"end":{"line":21,"column":5}},"line":19},"4":{"name":"(anonymous_4)","decl":{"start":{"line":22,"column":4},"end":{"line":22,"column":5}},"loc":{"start":{"line":22,"column":19},"end":{"line":24,"column":5}},"line":22},"5":{"name":"(anonymous_5)","decl":{"start":{"line":27,"column":4},"end":{"line":27,"column":5}},"loc":{"start":{"line":27,"column":18},"end":{"line":29,"column":5}},"line":27},"6":{"name":"(anonymous_6)","decl":{"start":{"line":30,"column":4},"end":{"line":30,"column":5}},"loc":{"start":{"line":30,"column":19},"end":{"line":32,"column":5}},"line":30},"7":{"name":"(anonymous_7)","decl":{"start":{"line":35,"column":4},"end":{"line":35,"column":5}},"loc":{"start":{"line":35,"column":18},"end":{"line":37,"column":5}},"line":35},"8":{"name":"(anonymous_8)","decl":{"start":{"line":38,"column":4},"end":{"line":38,"column":5}},"loc":{"start":{"line":38,"column":19},"end":{"line":40,"column":5}},"line":38},"9":{"name":"(anonymous_9)","decl":{"start":{"line":43,"column":4},"end":{"line":43,"column":5}},"loc":{"start":{"line":43,"column":18},"end":{"line":45,"column":5}},"line":43},"10":{"name":"(anonymous_10)","decl":{"start":{"line":48,"column":4},"end":{"line":48,"column":5}},"loc":{"start":{"line":48,"column":18},"end":{"line":50,"column":5}},"line":48},"11":{"name":"(anonymous_11)","decl":{"start":{"line":53,"column":4},"end":{"line":53,"column":5}},"loc":{"start":{"line":53,"column":18},"end":{"line":55,"column":5}},"line":53},"12":{"name":"(anonymous_12)","decl":{"start":{"line":58,"column":4},"end":{"line":58,"column":5}},"loc":{"start":{"line":58,"column":18},"end":{"line":60,"column":5}},"line":58},"13":{"name":"(anonymous_13)","decl":{"start":{"line":63,"column":4},"end":{"line":63,"column":5}},"loc":{"start":{"line":63,"column":18},"end":{"line":65,"column":5}},"line":63},"14":{"name":"(anonymous_14)","decl":{"start":{"line":68,"column":4},"end":{"line":68,"column":5}},"loc":{"start":{"line":68,"column":18},"end":{"line":70,"column":5}},"line":68}},"branchMap":{},"s":{"0":340,"1":340,"2":994,"3":34,"4":34,"5":0,"6":34,"7":27,"8":34,"9":89,"10":34,"11":34,"12":34,"13":34,"14":34,"15":34,"16":5},"f":{"0":340,"1":994,"2":34,"3":34,"4":0,"5":34,"6":27,"7":34,"8":89,"9":34,"10":34,"11":34,"12":34,"13":34,"14":34},"b":{},"_coverageSchema":"1a1c01bbd47fc00a2c39e90264f33305004495a9","hash":"85ff523a7d8215bc87c778ca3ac57a0e061d10e3"}
,"E:\\DocumentosHDD\\GitHub\\p5-t1-egg-0-miguelbravo7\\lib\\topEnv.js": {"path":"E:\\DocumentosHDD\\GitHub\\p5-t1-egg-0-miguelbravo7\\lib\\topEnv.js","statementMap":{"0":{"start":{"line":1,"column":15},"end":{"line":1,"column":36}},"1":{"start":{"line":3,"column":13},"end":{"line":3,"column":32}},"2":{"start":{"line":6,"column":0},"end":{"line":6,"column":55}},"3":{"start":{"line":7,"column":0},"end":{"line":7,"column":57}},"4":{"start":{"line":8,"column":0},"end":{"line":8,"column":55}},"5":{"start":{"line":9,"column":0},"end":{"line":9,"column":65}},"6":{"start":{"line":10,"column":0},"end":{"line":10,"column":71}},"7":{"start":{"line":12,"column":0},"end":{"line":47,"column":3}},"8":{"start":{"line":46,"column":4},"end":{"line":46,"column":92}},"9":{"start":{"line":49,"column":0},"end":{"line":56,"column":3}},"10":{"start":{"line":55,"column":4},"end":{"line":55,"column":87}},"11":{"start":{"line":58,"column":0},"end":{"line":62,"column":3}},"12":{"start":{"line":60,"column":8},"end":{"line":60,"column":38}},"13":{"start":{"line":64,"column":0},"end":{"line":70,"column":3}},"14":{"start":{"line":67,"column":12},"end":{"line":67,"column":24}},"15":{"start":{"line":69,"column":30},"end":{"line":69,"column":46}},"16":{"start":{"line":72,"column":0},"end":{"line":78,"column":3}},"17":{"start":{"line":75,"column":12},"end":{"line":75,"column":32}},"18":{"start":{"line":77,"column":28},"end":{"line":77,"column":47}},"19":{"start":{"line":80,"column":0},"end":{"line":87,"column":3}},"20":{"start":{"line":83,"column":12},"end":{"line":83,"column":41}},"21":{"start":{"line":85,"column":27},"end":{"line":85,"column":47}},"22":{"start":{"line":86,"column":24},"end":{"line":86,"column":44}},"23":{"start":{"line":89,"column":0},"end":{"line":93,"column":3}},"24":{"start":{"line":91,"column":8},"end":{"line":91,"column":48}},"25":{"start":{"line":91,"column":38},"end":{"line":91,"column":43}},"26":{"start":{"line":95,"column":0},"end":{"line":106,"column":3}},"27":{"start":{"line":97,"column":8},"end":{"line":99,"column":9}},"28":{"start":{"line":98,"column":12},"end":{"line":98,"column":108}},"29":{"start":{"line":100,"column":18},"end":{"line":100,"column":27}},"30":{"start":{"line":101,"column":8},"end":{"line":103,"column":9}},"31":{"start":{"line":101,"column":21},"end":{"line":101,"column":22}},"32":{"start":{"line":102,"column":12},"end":{"line":102,"column":42}},"33":{"start":{"line":104,"column":8},"end":{"line":104,"column":19}},"34":{"start":{"line":108,"column":0},"end":{"line":120,"column":3}},"35":{"start":{"line":110,"column":8},"end":{"line":117,"column":9}},"36":{"start":{"line":111,"column":25},"end":{"line":111,"column":51}},"37":{"start":{"line":112,"column":24},"end":{"line":112,"column":45}},"38":{"start":{"line":114,"column":27},"end":{"line":114,"column":51}},"39":{"start":{"line":116,"column":12},"end":{"line":116,"column":51}},"40":{"start":{"line":118,"column":8},"end":{"line":118,"column":46}},"41":{"start":{"line":122,"column":0},"end":{"line":122,"column":69}},"42":{"start":{"line":124,"column":0},"end":{"line":124,"column":24}}},"fnMap":{"0":{"name":"(anonymous_0)","decl":{"start":{"line":45,"column":10},"end":{"line":45,"column":11}},"loc":{"start":{"line":45,"column":16},"end":{"line":47,"column":1}},"line":45},"1":{"name":"(anonymous_1)","decl":{"start":{"line":54,"column":10},"end":{"line":54,"column":11}},"loc":{"start":{"line":54,"column":16},"end":{"line":56,"column":1}},"line":54},"2":{"name":"(anonymous_2)","decl":{"start":{"line":59,"column":11},"end":{"line":59,"column":12}},"loc":{"start":{"line":59,"column":32},"end":{"line":61,"column":5}},"line":59},"3":{"name":"(anonymous_3)","decl":{"start":{"line":66,"column":15},"end":{"line":66,"column":16}},"loc":{"start":{"line":66,"column":34},"end":{"line":68,"column":9}},"line":66},"4":{"name":"(anonymous_4)","decl":{"start":{"line":69,"column":16},"end":{"line":69,"column":17}},"loc":{"start":{"line":69,"column":28},"end":{"line":69,"column":48}},"line":69},"5":{"name":"(anonymous_5)","decl":{"start":{"line":74,"column":15},"end":{"line":74,"column":16}},"loc":{"start":{"line":74,"column":32},"end":{"line":76,"column":9}},"line":74},"6":{"name":"(anonymous_6)","decl":{"start":{"line":77,"column":14},"end":{"line":77,"column":15}},"loc":{"start":{"line":77,"column":26},"end":{"line":77,"column":49}},"line":77},"7":{"name":"(anonymous_7)","decl":{"start":{"line":82,"column":15},"end":{"line":82,"column":16}},"loc":{"start":{"line":82,"column":44},"end":{"line":84,"column":9}},"line":82},"8":{"name":"(anonymous_8)","decl":{"start":{"line":85,"column":13},"end":{"line":85,"column":14}},"loc":{"start":{"line":85,"column":25},"end":{"line":85,"column":49}},"line":85},"9":{"name":"(anonymous_9)","decl":{"start":{"line":86,"column":10},"end":{"line":86,"column":11}},"loc":{"start":{"line":86,"column":22},"end":{"line":86,"column":46}},"line":86},"10":{"name":"(anonymous_10)","decl":{"start":{"line":90,"column":11},"end":{"line":90,"column":12}},"loc":{"start":{"line":90,"column":28},"end":{"line":92,"column":5}},"line":90},"11":{"name":"(anonymous_11)","decl":{"start":{"line":91,"column":28},"end":{"line":91,"column":29}},"loc":{"start":{"line":91,"column":38},"end":{"line":91,"column":43}},"line":91},"12":{"name":"(anonymous_12)","decl":{"start":{"line":96,"column":11},"end":{"line":96,"column":12}},"loc":{"start":{"line":96,"column":30},"end":{"line":105,"column":5}},"line":96},"13":{"name":"(anonymous_13)","decl":{"start":{"line":109,"column":11},"end":{"line":109,"column":12}},"loc":{"start":{"line":109,"column":33},"end":{"line":119,"column":5}},"line":109}},"branchMap":{"0":{"loc":{"start":{"line":97,"column":8},"end":{"line":99,"column":9}},"type":"if","locations":[{"start":{"line":97,"column":8},"end":{"line":99,"column":9}},{"start":{"line":97,"column":8},"end":{"line":99,"column":9}}],"line":97},"1":{"loc":{"start":{"line":110,"column":8},"end":{"line":117,"column":9}},"type":"if","locations":[{"start":{"line":110,"column":8},"end":{"line":117,"column":9}},{"start":{"line":110,"column":8},"end":{"line":117,"column":9}}],"line":110}},"s":{"0":4,"1":4,"2":4,"3":4,"4":4,"5":4,"6":4,"7":4,"8":88,"9":4,"10":8,"11":4,"12":51,"13":4,"14":0,"15":0,"16":4,"17":0,"18":0,"19":4,"20":11,"21":0,"22":0,"23":4,"24":1,"25":3,"26":4,"27":2,"28":0,"29":2,"30":2,"31":2,"32":4,"33":2,"34":4,"35":2,"36":1,"37":1,"38":1,"39":1,"40":2,"41":4,"42":4},"f":{"0":88,"1":8,"2":51,"3":0,"4":0,"5":0,"6":0,"7":11,"8":0,"9":0,"10":1,"11":3,"12":2,"13":2},"b":{"0":[0,2],"1":[1,1]},"_coverageSchema":"1a1c01bbd47fc00a2c39e90264f33305004495a9","hash":"2fb442477b0fbf5f8e0021e59bc69460cd3985ab"}
,"E:\\DocumentosHDD\\GitHub\\p5-t1-egg-0-miguelbravo7\\test\\utilities.js": {"path":"E:\\DocumentosHDD\\GitHub\\p5-t1-egg-0-miguelbravo7\\test\\utilities.js","statementMap":{"0":{"start":{"line":1,"column":14},"end":{"line":1,"column":30}},"1":{"start":{"line":2,"column":11},"end":{"line":2,"column":37}},"2":{"start":{"line":4,"column":15},"end":{"line":9,"column":1}},"3":{"start":{"line":5,"column":4},"end":{"line":8,"column":7}},"4":{"start":{"line":6,"column":8},"end":{"line":6,"column":35}},"5":{"start":{"line":7,"column":8},"end":{"line":7,"column":50}},"6":{"start":{"line":11,"column":0},"end":{"line":13,"column":3}},"7":{"start":{"line":12,"column":4},"end":{"line":12,"column":31}},"8":{"start":{"line":15,"column":0},"end":{"line":17,"column":3}},"9":{"start":{"line":16,"column":4},"end":{"line":16,"column":26}},"10":{"start":{"line":19,"column":0},"end":{"line":21,"column":2}}},"fnMap":{"0":{"name":"(anonymous_0)","decl":{"start":{"line":4,"column":15},"end":{"line":4,"column":16}},"loc":{"start":{"line":4,"column":45},"end":{"line":9,"column":1}},"line":4},"1":{"name":"(anonymous_1)","decl":{"start":{"line":5,"column":14},"end":{"line":5,"column":15}},"loc":{"start":{"line":5,"column":26},"end":{"line":8,"column":5}},"line":5},"2":{"name":"(anonymous_2)","decl":{"start":{"line":11,"column":11},"end":{"line":11,"column":12}},"loc":{"start":{"line":11,"column":17},"end":{"line":13,"column":1}},"line":11},"3":{"name":"(anonymous_3)","decl":{"start":{"line":15,"column":10},"end":{"line":15,"column":11}},"loc":{"start":{"line":15,"column":16},"end":{"line":17,"column":1}},"line":15}},"branchMap":{},"s":{"0":2,"1":2,"2":2,"3":16,"4":16,"5":16,"6":2,"7":21,"8":2,"9":21,"10":2},"f":{"0":16,"1":16,"2":21,"3":21},"b":{},"_coverageSchema":"1a1c01bbd47fc00a2c39e90264f33305004495a9","hash":"a4fecfcc18a0dddaaf84fdb2e60bb3e0054a27c6"}
}
