TN:
SF:lib\Lexer.js
FN:5,(anonymous_0)
FN:10,(anonymous_1)
FN:11,(anonymous_2)
FN:17,(anonymous_3)
FN:33,(anonymous_4)
FN:63,(anonymous_5)
FN:82,(anonymous_6)
FN:85,(anonymous_7)
FN:88,(anonymous_8)
FN:89,(anonymous_9)
FN:103,(anonymous_10)
FNF:11
FNH:11
FNDA:34,(anonymous_0)
FNDA:238,(anonymous_1)
FNDA:68,(anonymous_2)
FNDA:41,(anonymous_3)
FNDA:1144,(anonymous_4)
FNDA:1144,(anonymous_5)
FNDA:1580,(anonymous_6)
FNDA:15800,(anonymous_7)
FNDA:34,(anonymous_8)
FNDA:1110,(anonymous_9)
FNDA:1121,(anonymous_10)
DA:1,5
DA:3,5
DA:6,34
DA:7,34
DA:8,34
DA:9,34
DA:10,238
DA:11,68
DA:12,34
DA:13,34
DA:14,34
DA:18,41
DA:19,34
DA:20,34
DA:21,34
DA:22,34
DA:23,1144
DA:24,1144
DA:26,34
DA:27,34
DA:28,34
DA:30,41
DA:36,1144
DA:38,1144
DA:39,1110
DA:40,1110
DA:41,5834
DA:42,5834
DA:43,1110
DA:44,1110
DA:45,1110
DA:46,1110
DA:47,1110
DA:48,1110
DA:49,1110
DA:52,1110
DA:53,0
DA:58,34
DA:60,1144
DA:65,1144
DA:66,1456
DA:68,1456
DA:69,2912
DA:70,2912
DA:71,342
DA:72,342
DA:73,160
DA:76,2570
DA:83,1580
DA:84,1580
DA:85,15800
DA:89,34
DA:90,1110
DA:91,8
DA:92,8
DA:93,1102
DA:94,9
DA:95,9
DA:96,9
DA:98,9
DA:104,1121
DA:105,1094
DA:107,1121
DA:108,1121
LF:64
LH:63
BRDA:18,0,0,34
BRDA:18,0,1,7
BRDA:38,1,0,1110
BRDA:38,1,1,34
BRDA:42,2,0,1110
BRDA:42,2,1,4724
BRDA:52,3,0,0
BRDA:52,3,1,1110
BRDA:70,4,0,342
BRDA:70,4,1,2570
BRDA:72,5,0,160
BRDA:72,5,1,182
BRDA:90,6,0,8
BRDA:90,6,1,1102
BRDA:90,7,0,1110
BRDA:90,7,1,1080
BRDA:90,7,2,8
BRDA:93,8,0,9
BRDA:93,8,1,1093
BRDA:93,9,0,1102
BRDA:93,9,1,223
BRDA:95,10,0,9
BRDA:95,10,1,0
BRDA:95,11,0,9
BRDA:95,11,1,9
BRDA:104,12,0,1094
BRDA:104,12,1,27
BRDA:107,13,0,1121
BRDA:107,13,1,27
BRF:29
BRH:27
end_of_record
TN:
SF:lib\Parser.js
FN:6,(anonymous_0)
FN:10,(anonymous_1)
FN:14,(anonymous_2)
FN:18,(anonymous_3)
FN:35,(anonymous_4)
FN:64,(anonymous_5)
FNF:6
FNH:6
FNDA:27,(anonymous_0)
FNDA:5632,(anonymous_1)
FNDA:1121,(anonymous_2)
FNDA:448,(anonymous_3)
FNDA:637,(anonymous_4)
FNDA:27,(anonymous_5)
DA:1,4
DA:2,4
DA:4,4
DA:7,27
DA:11,5632
DA:15,1121
DA:21,448
DA:22,133
DA:23,314
DA:24,314
DA:25,0
DA:26,0
DA:28,0
DA:31,447
DA:32,447
DA:37,637
DA:38,424
DA:41,213
DA:43,213
DA:45,213
DA:46,421
DA:47,421
DA:49,421
DA:50,221
DA:51,200
DA:52,0
DA:56,213
DA:58,213
DA:59,23
DA:61,190
DA:65,27
DA:66,27
DA:67,26
DA:68,0
DA:71,26
DA:73,26
LF:36
LH:31
BRDA:21,0,0,133
BRDA:21,0,1,314
BRDA:21,1,0,448
BRDA:21,1,1,403
BRDA:23,2,0,314
BRDA:23,2,1,0
BRDA:25,3,0,0
BRDA:25,3,1,0
BRDA:37,4,0,424
BRDA:37,4,1,213
BRDA:37,5,0,637
BRDA:37,5,1,634
BRDA:45,6,0,634
BRDA:45,6,1,634
BRDA:49,7,0,221
BRDA:49,7,1,200
BRDA:49,8,0,421
BRDA:49,8,1,421
BRDA:51,9,0,0
BRDA:51,9,1,200
BRDA:51,10,0,200
BRDA:51,10,1,200
BRDA:58,11,0,23
BRDA:58,11,1,190
BRDA:67,12,0,0
BRDA:67,12,1,26
BRF:26
BRH:21
end_of_record
TN:
SF:lib\ast.js
FN:4,(anonymous_0)
FN:8,(anonymous_1)
FN:14,(anonymous_2)
FN:18,(anonymous_3)
FN:28,(anonymous_4)
FN:34,(anonymous_5)
FN:39,(anonymous_6)
FN:46,(anonymous_7)
FN:53,(anonymous_8)
FN:68,(anonymous_9)
FN:73,(anonymous_10)
FNF:11
FNH:11
FNDA:245,(anonymous_0)
FNDA:140,(anonymous_1)
FNDA:653,(anonymous_2)
FNDA:206,(anonymous_3)
FNDA:327,(anonymous_4)
FNDA:256,(anonymous_5)
FNDA:189,(anonymous_6)
FNDA:18,(anonymous_7)
FNDA:1,(anonymous_8)
FNDA:8,(anonymous_9)
FNDA:1,(anonymous_10)
DA:1,4
DA:5,245
DA:6,245
DA:9,140
DA:15,653
DA:16,653
DA:19,206
DA:20,206
DA:22,0
DA:29,327
DA:30,327
DA:31,327
DA:32,327
DA:35,256
DA:36,122
DA:37,134
DA:38,134
DA:39,189
DA:40,134
DA:41,110
DA:42,24
DA:43,24
DA:44,24
DA:45,23
DA:46,18
DA:48,5
DA:51,1
DA:52,1
DA:53,1
DA:55,0
DA:58,0
DA:62,0
DA:69,8
DA:70,8
DA:71,8
DA:74,1
DA:78,4
LF:37
LH:33
BRDA:19,0,0,206
BRDA:19,0,1,0
BRDA:35,1,0,122
BRDA:35,1,1,134
BRDA:35,2,0,256
BRDA:35,2,1,235
BRDA:40,3,0,110
BRDA:40,3,1,24
BRDA:42,4,0,24
BRDA:42,4,1,0
BRDA:44,5,0,23
BRDA:44,5,1,1
BRDA:45,6,0,18
BRDA:45,6,1,5
BRDA:51,7,0,1
BRDA:51,7,1,0
BRDA:52,8,0,1
BRDA:52,8,1,0
BRDA:55,9,0,0
BRDA:55,9,1,0
BRF:20
BRH:14
end_of_record
TN:
SF:lib\eggvm.js
FN:9,run
FN:16,runFromFile
FN:26,runFromEVM
FNF:3
FNH:3
FNDA:19,run
FNDA:16,runFromFile
FNDA:2,runFromEVM
DA:1,4
DA:3,4
DA:4,4
DA:6,4
DA:7,4
DA:10,19
DA:11,19
DA:12,19
DA:13,19
DA:17,16
DA:18,16
DA:19,16
DA:22,0
DA:27,2
DA:28,2
DA:29,2
DA:30,2
DA:31,2
DA:34,0
DA:38,4
LF:20
LH:18
BRF:0
BRH:0
end_of_record
TN:
SF:lib\json2AST.js
FN:4,(anonymous_0)
FN:7,(anonymous_1)
FN:11,(anonymous_2)
FN:17,(anonymous_3)
FN:19,(anonymous_4)
FNF:5
FNH:5
FNDA:112,(anonymous_0)
FNDA:170,(anonymous_1)
FNDA:336,(anonymous_2)
FNDA:112,(anonymous_3)
FNDA:8,(anonymous_4)
DA:1,4
DA:2,4
DA:4,4
DA:5,112
DA:6,112
DA:7,170
DA:8,112
DA:11,4
DA:12,336
DA:13,336
DA:14,336
DA:17,112
DA:19,8
LF:13
LH:13
BRF:0
BRH:0
end_of_record
TN:
SF:lib\monkey-patching.js
FN:1,(anonymous_0)
FN:11,(anonymous_1)
FN:23,(anonymous_2)
FN:43,(anonymous_3)
FN:65,(anonymous_4)
FNF:5
FNH:5
FNDA:21,(anonymous_0)
FNDA:17,(anonymous_1)
FNDA:18,(anonymous_2)
FNDA:3,(anonymous_3)
FNDA:6,(anonymous_4)
DA:1,2
DA:2,21
DA:3,0
DA:6,21
DA:7,0
DA:11,2
DA:12,17
DA:13,4
DA:16,17
DA:17,0
DA:20,17
DA:23,2
DA:24,18
DA:25,18
DA:26,18
DA:27,14
DA:30,18
DA:31,0
DA:33,18
DA:36,18
DA:37,13
DA:39,5
DA:43,2
DA:44,3
DA:45,0
DA:47,3
DA:48,3
DA:49,3
DA:50,3
DA:52,3
DA:53,2
DA:54,0
DA:56,2
DA:58,2
DA:61,1
DA:62,1
DA:65,2
DA:66,6
LF:38
LH:32
BRDA:2,0,0,0
BRDA:2,0,1,21
BRDA:6,1,0,0
BRDA:6,1,1,21
BRDA:6,2,0,21
BRDA:6,2,1,21
BRDA:12,3,0,4
BRDA:12,3,1,13
BRDA:16,4,0,0
BRDA:16,4,1,17
BRDA:26,5,0,14
BRDA:26,5,1,4
BRDA:30,6,0,0
BRDA:30,6,1,18
BRDA:31,7,0,0
BRDA:31,7,1,0
BRDA:36,8,0,13
BRDA:36,8,1,5
BRDA:44,9,0,0
BRDA:44,9,1,3
BRDA:49,10,0,3
BRDA:49,10,1,0
BRDA:52,11,0,2
BRDA:52,11,1,1
BRDA:53,12,0,0
BRDA:53,12,1,2
BRF:26
BRH:17
end_of_record
TN:
SF:lib\parse.js
FN:5,parse
FN:9,parseFromFile
FN:21,parBalance
FNF:3
FNH:3
FNDA:21,parse
FNDA:2,parseFromFile
FNDA:5,parBalance
DA:1,4
DA:2,4
DA:3,4
DA:6,21
DA:11,2
DA:12,2
DA:14,0
DA:15,0
DA:17,2
DA:18,2
DA:22,5
DA:23,5
DA:24,5
DA:25,18
DA:26,18
DA:27,9
DA:29,9
DA:30,9
DA:33,5
DA:36,4
LF:20
LH:18
BRDA:25,0,0,0
BRDA:25,0,1,18
BRDA:26,1,0,9
BRDA:26,1,1,9
BRDA:29,2,0,9
BRDA:29,2,1,0
BRF:6
BRH:4
end_of_record
TN:
SF:lib\registry.js
FN:2,(anonymous_0)
FN:6,(anonymous_1)
FNF:2
FNH:1
FNDA:0,(anonymous_0)
FNDA:284,(anonymous_1)
DA:3,0
DA:7,284
DA:8,284
DA:10,0
DA:15,4
DA:17,4
LF:6
LH:4
BRDA:7,0,0,284
BRDA:7,0,1,0
BRDA:7,1,0,284
BRDA:7,1,1,284
BRDA:7,1,2,284
BRF:5
BRH:4
end_of_record
TN:
SF:lib\specialForms.js
FN:3,(anonymous_0)
FN:14,(anonymous_1)
FN:24,(anonymous_2)
FN:34,(anonymous_3)
FN:44,(anonymous_4)
FN:45,(anonymous_5)
FN:48,(anonymous_6)
FN:60,(anonymous_7)
FN:69,(anonymous_8)
FN:70,(anonymous_9)
FN:70,(anonymous_10)
FN:73,(anonymous_11)
FN:82,(anonymous_12)
FN:93,(anonymous_13)
FN:100,curryFunction
FN:132,(anonymous_15)
FN:149,(anonymous_16)
FN:176,(anonymous_17)
FN:177,(anonymous_18)
FN:183,(anonymous_19)
FN:211,(anonymous_20)
FN:212,(anonymous_21)
FN:218,unpatchObject
FN:227,(anonymous_23)
FNF:24
FNH:17
FNDA:0,(anonymous_0)
FNDA:0,(anonymous_1)
FNDA:1,(anonymous_2)
FNDA:2,(anonymous_3)
FNDA:16,(anonymous_4)
FNDA:34,(anonymous_5)
FNDA:2,(anonymous_6)
FNDA:31,(anonymous_7)
FNDA:0,(anonymous_8)
FNDA:0,(anonymous_9)
FNDA:0,(anonymous_10)
FNDA:35,(anonymous_11)
FNDA:14,(anonymous_12)
FNDA:13,(anonymous_13)
FNDA:24,curryFunction
FNDA:5,(anonymous_15)
FNDA:4,(anonymous_16)
FNDA:56,(anonymous_17)
FNDA:8,(anonymous_18)
FNDA:6,(anonymous_19)
FNDA:8,(anonymous_20)
FNDA:5,(anonymous_21)
FNDA:0,unpatchObject
FNDA:0,(anonymous_23)
DA:1,4
DA:3,4
DA:4,0
DA:5,0
DA:7,0
DA:8,0
DA:10,0
DA:14,4
DA:15,0
DA:16,0
DA:18,0
DA:19,0
DA:21,0
DA:24,4
DA:25,1
DA:26,1
DA:27,1
DA:28,5
DA:29,5
DA:31,1
DA:34,4
DA:35,2
DA:36,2
DA:37,2
DA:38,6
DA:39,6
DA:41,2
DA:44,4
DA:45,34
DA:48,4
DA:49,2
DA:50,2
DA:51,2
DA:52,2
DA:53,8
DA:54,8
DA:55,8
DA:57,2
DA:60,4
DA:61,31
DA:62,31
DA:63,97
DA:65,31
DA:69,4
DA:70,0
DA:73,4
DA:74,35
DA:75,0
DA:77,35
DA:78,35
DA:79,35
DA:82,4
DA:83,14
DA:84,12
DA:85,12
DA:86,2
DA:87,2
DA:88,2
DA:90,0
DA:93,4
DA:94,13
DA:95,0
DA:97,13
DA:98,13
DA:101,24
DA:102,24
DA:103,0
DA:105,24
DA:106,24
DA:107,25
DA:109,24
DA:110,21
DA:111,21
DA:112,8
DA:113,8
DA:115,21
DA:118,3
DA:125,13
DA:132,4
DA:133,5
DA:134,5
DA:135,5
DA:136,4
DA:137,4
DA:139,1
DA:140,1
DA:142,0
DA:145,5
DA:146,5
DA:149,4
DA:150,4
DA:151,4
DA:152,4
DA:153,4
DA:154,2
DA:156,4
DA:157,4
DA:160,4
DA:177,56
DA:178,8
DA:179,0
DA:181,8
DA:182,8
DA:183,8
DA:185,8
DA:186,19
DA:187,7
DA:188,2
DA:190,5
DA:191,5
DA:192,1
DA:194,5
DA:195,0
DA:197,5
DA:199,7
DA:202,1
DA:206,4
DA:208,4
DA:212,8
DA:213,5
DA:214,5
DA:219,0
DA:220,0
DA:221,0
DA:222,0
DA:224,0
DA:227,4
DA:228,0
DA:229,0
DA:230,0
DA:231,0
DA:232,0
DA:233,0
DA:234,0
DA:236,0
DA:237,0
DA:240,4
LF:137
LH:105
BRDA:4,0,0,0
BRDA:4,0,1,0
BRDA:7,1,0,0
BRDA:7,1,1,0
BRDA:15,2,0,0
BRDA:15,2,1,0
BRDA:74,3,0,0
BRDA:74,3,1,35
BRDA:74,4,0,35
BRDA:74,4,1,35
BRDA:83,5,0,12
BRDA:83,5,1,2
BRDA:86,6,0,2
BRDA:86,6,1,0
BRDA:94,7,0,0
BRDA:94,7,1,13
BRDA:102,8,0,0
BRDA:102,8,1,24
BRDA:102,9,0,24
BRDA:102,9,1,2
BRDA:109,10,0,21
BRDA:109,10,1,3
BRDA:135,11,0,4
BRDA:135,11,1,1
BRDA:139,12,0,1
BRDA:139,12,1,0
BRDA:151,13,0,4
BRDA:151,13,1,2
BRDA:153,14,0,2
BRDA:153,14,1,2
BRDA:178,15,0,0
BRDA:178,15,1,8
BRDA:186,16,0,7
BRDA:186,16,1,12
BRDA:187,17,0,2
BRDA:187,17,1,5
BRDA:194,18,0,0
BRDA:194,18,1,5
BRF:38
BRH:25
end_of_record
TN:
SF:lib\tokens.js
FN:2,(anonymous_0)
FN:7,(anonymous_1)
FN:13,(anonymous_2)
FN:19,(anonymous_3)
FN:22,(anonymous_4)
FN:27,(anonymous_5)
FN:30,(anonymous_6)
FN:35,(anonymous_7)
FN:38,(anonymous_8)
FN:43,(anonymous_9)
FN:48,(anonymous_10)
FN:53,(anonymous_11)
FN:58,(anonymous_12)
FN:63,(anonymous_13)
FN:68,(anonymous_14)
FNF:15
FNH:14
FNDA:340,(anonymous_0)
FNDA:994,(anonymous_1)
FNDA:34,(anonymous_2)
FNDA:34,(anonymous_3)
FNDA:0,(anonymous_4)
FNDA:34,(anonymous_5)
FNDA:27,(anonymous_6)
FNDA:34,(anonymous_7)
FNDA:89,(anonymous_8)
FNDA:34,(anonymous_9)
FNDA:34,(anonymous_10)
FNDA:34,(anonymous_11)
FNDA:34,(anonymous_12)
FNDA:34,(anonymous_13)
FNDA:34,(anonymous_14)
DA:3,340
DA:4,340
DA:8,994
DA:14,34
DA:20,34
DA:23,0
DA:28,34
DA:31,27
DA:36,34
DA:39,89
DA:44,34
DA:49,34
DA:54,34
DA:59,34
DA:64,34
DA:69,34
DA:73,5
LF:17
LH:16
BRF:0
BRH:0
end_of_record
TN:
SF:lib\topEnv.js
FN:45,(anonymous_0)
FN:54,(anonymous_1)
FN:59,(anonymous_2)
FN:66,(anonymous_3)
FN:69,(anonymous_4)
FN:74,(anonymous_5)
FN:77,(anonymous_6)
FN:82,(anonymous_7)
FN:85,(anonymous_8)
FN:86,(anonymous_9)
FN:90,(anonymous_10)
FN:91,(anonymous_11)
FN:96,(anonymous_12)
FN:109,(anonymous_13)
FNF:14
FNH:8
FNDA:88,(anonymous_0)
FNDA:8,(anonymous_1)
FNDA:51,(anonymous_2)
FNDA:0,(anonymous_3)
FNDA:0,(anonymous_4)
FNDA:0,(anonymous_5)
FNDA:0,(anonymous_6)
FNDA:11,(anonymous_7)
FNDA:0,(anonymous_8)
FNDA:0,(anonymous_9)
FNDA:1,(anonymous_10)
FNDA:3,(anonymous_11)
FNDA:2,(anonymous_12)
FNDA:2,(anonymous_13)
DA:1,4
DA:3,4
DA:6,4
DA:7,4
DA:8,4
DA:9,4
DA:10,4
DA:12,4
DA:46,88
DA:49,4
DA:55,8
DA:58,4
DA:60,51
DA:64,4
DA:67,0
DA:69,0
DA:72,4
DA:75,0
DA:77,0
DA:80,4
DA:83,11
DA:85,0
DA:86,0
DA:89,4
DA:91,3
DA:95,4
DA:97,2
DA:98,0
DA:100,2
DA:101,2
DA:102,4
DA:104,2
DA:108,4
DA:110,2
DA:111,1
DA:112,1
DA:114,1
DA:116,1
DA:118,2
DA:122,4
DA:124,4
LF:41
LH:34
BRDA:97,0,0,0
BRDA:97,0,1,2
BRDA:110,1,0,1
BRDA:110,1,1,1
BRF:4
BRH:3
end_of_record
TN:
SF:test\utilities.js
FN:4,(anonymous_0)
FN:5,(anonymous_1)
FN:11,(anonymous_2)
FN:15,(anonymous_3)
FNF:4
FNH:4
FNDA:16,(anonymous_0)
FNDA:16,(anonymous_1)
FNDA:21,(anonymous_2)
FNDA:21,(anonymous_3)
DA:1,2
DA:2,2
DA:4,2
DA:5,16
DA:6,16
DA:7,16
DA:11,2
DA:12,21
DA:15,2
DA:16,21
DA:19,2
LF:11
LH:11
BRF:0
BRH:0
end_of_record
